[ 2017-07-04T09:49:00+08:00 ] ::1 /ll/themes/lailong/Public/css/fonts/fontawesome-webfont.woff2?v=4.6.3
ERR: 无法加载控制器:Themes

[ 2017-07-04T09:49:01+08:00 ] ::1 /ll/themes/lailong/Public/css/fonts/fontawesome-webfont.woff?v=4.6.3
ERR: 无法加载控制器:Themes

[ 2017-07-04T09:49:02+08:00 ] ::1 /ll/themes/lailong/Public/css/fonts/fontawesome-webfont.ttf?v=4.6.3
ERR: 无法加载控制器:Themes

[ 2017-07-04T09:49:31+08:00 ] ::1 /ll/themes/lailong/Public/css/fonts/fontawesome-webfont.woff2?v=4.6.3
ERR: 无法加载控制器:Themes

[ 2017-07-04T09:49:31+08:00 ] ::1 /ll/themes/lailong/Public/css/fonts/fontawesome-webfont.woff?v=4.6.3
ERR: 无法加载控制器:Themes

[ 2017-07-04T09:49:32+08:00 ] ::1 /ll/themes/lailong/Public/css/fonts/fontawesome-webfont.ttf?v=4.6.3
ERR: 无法加载控制器:Themes

[ 2017-07-04T10:00:15+08:00 ] ::1 /ll/themes/lailong/Public/css/fonts/fontawesome-webfont.woff2?v=4.6.3
ERR: 无法加载控制器:Themes

[ 2017-07-04T10:00:16+08:00 ] ::1 /ll/themes/lailong/Public/css/fonts/fontawesome-webfont.woff?v=4.6.3
ERR: 无法加载控制器:Themes

[ 2017-07-04T10:00:17+08:00 ] ::1 /ll/themes/lailong/Public/css/fonts/fontawesome-webfont.ttf?v=4.6.3
ERR: 无法加载控制器:Themes

[ 2017-07-04T10:02:42+08:00 ] ::1 /ll/themes/lailong/Public/css/fonts/fontawesome-webfont.woff2?v=4.6.3
ERR: 无法加载控制器:Themes

[ 2017-07-04T10:02:43+08:00 ] ::1 /ll/themes/lailong/Public/css/fonts/fontawesome-webfont.woff?v=4.6.3
ERR: 无法加载控制器:Themes

[ 2017-07-04T10:02:44+08:00 ] ::1 /ll/themes/lailong/Public/css/fonts/fontawesome-webfont.ttf?v=4.6.3
ERR: 无法加载控制器:Themes

[ 2017-07-04T13:40:15+08:00 ] ::1 /ll/data/upload/avatar/1498825937595644d199ddc.jpeg
ERR: 无法加载控制器:Data

[ 2017-07-04T14:02:35+08:00 ] ::1 /ll/themes/lailong/Public/css/fonts/fontawesome-webfont.woff2?v=4.6.3
ERR: 无法加载控制器:Themes

[ 2017-07-04T14:02:36+08:00 ] ::1 /ll/themes/lailong/Public/css/fonts/fontawesome-webfont.woff?v=4.6.3
ERR: 无法加载控制器:Themes

[ 2017-07-04T14:02:37+08:00 ] ::1 /ll/themes/lailong/Public/css/fonts/fontawesome-webfont.ttf?v=4.6.3
ERR: 无法加载控制器:Themes

