[ 2017-06-23T14:05:04+08:00 ] ::1 /ll/index.php?g=Record&m=record&a=relation_post
INFO: [ app_begin ] --START--
INFO: Run Behavior\ReadHtmlCacheBehavior [ RunTime:0.026438s ]
INFO: Run Behavior\CheckLangBehavior [ RunTime:0.072913s ]
INFO: [ app_begin ] --END-- [ RunTime:0.104582s ]
SQL: SHOW COLUMNS FROM `lailong_intention` [ RunTime:0.0227s ]
NOTIC: [8] Undefined index: validate D:\tools\upupw\htdocs\ll\simplewind\Core\Library\Think\Model.class.php 第 1185 行.
NOTIC: [8] Undefined index: auto D:\tools\upupw\htdocs\ll\simplewind\Core\Library\Think\Model.class.php 第 1128 行.
SQL: UPDATE `lailong_intention` SET `course_id`='4' WHERE `id` = 12 [ RunTime:0.0008s ]
INFO: [ app_end ] --START--
INFO: Run Behavior\ShowPageTraceBehavior [ RunTime:0.026743s ]
INFO: [ app_end ] --END-- [ RunTime:0.026899s ]

[ 2017-06-23T14:06:02+08:00 ] ::1 /ll/index.php?g=Record&m=record&a=relation_post
INFO: [ app_begin ] --START--
INFO: Run Behavior\ReadHtmlCacheBehavior [ RunTime:0.025713s ]
INFO: Run Behavior\CheckLangBehavior [ RunTime:0.085788s ]
INFO: [ app_begin ] --END-- [ RunTime:0.116100s ]
SQL: SHOW COLUMNS FROM `lailong_intention` [ RunTime:0.0167s ]
NOTIC: [8] Undefined index: validate D:\tools\upupw\htdocs\ll\simplewind\Core\Library\Think\Model.class.php 第 1185 行.
NOTIC: [8] Undefined index: auto D:\tools\upupw\htdocs\ll\simplewind\Core\Library\Think\Model.class.php 第 1128 行.
SQL: UPDATE `lailong_intention` SET `course_id`='5' WHERE `id` = 12 [ RunTime:0.0008s ]
INFO: [ app_end ] --START--
INFO: Run Behavior\ShowPageTraceBehavior [ RunTime:0.027924s ]
INFO: [ app_end ] --END-- [ RunTime:0.028066s ]

[ 2017-06-23T14:09:23+08:00 ] ::1 /ll/index.php?g=Record&m=record&a=relation_post
INFO: [ app_begin ] --START--
INFO: Run Behavior\ReadHtmlCacheBehavior [ RunTime:0.015612s ]
INFO: Run Behavior\CheckLangBehavior [ RunTime:0.036976s ]
INFO: [ app_begin ] --END-- [ RunTime:0.055048s ]
SQL: SHOW COLUMNS FROM `lailong_intention` [ RunTime:0.0139s ]
NOTIC: [8] Undefined index: validate D:\tools\upupw\htdocs\ll\simplewind\Core\Library\Think\Model.class.php 第 1185 行.
NOTIC: [8] Undefined index: auto D:\tools\upupw\htdocs\ll\simplewind\Core\Library\Think\Model.class.php 第 1128 行.
SQL: UPDATE `lailong_intention` SET `course_id`='4' WHERE `id` = 12 [ RunTime:0.0004s ]
INFO: [ app_end ] --START--
INFO: Run Behavior\ShowPageTraceBehavior [ RunTime:0.014255s ]
INFO: [ app_end ] --END-- [ RunTime:0.014323s ]

[ 2017-06-23T14:10:57+08:00 ] ::1 /ll/index.php?g=Record&m=record&a=relation_post
INFO: [ app_begin ] --START--
INFO: Run Behavior\ReadHtmlCacheBehavior [ RunTime:0.030025s ]
INFO: Run Behavior\CheckLangBehavior [ RunTime:0.088153s ]
INFO: [ app_begin ] --END-- [ RunTime:0.124187s ]
SQL: SHOW COLUMNS FROM `lailong_intention` [ RunTime:0.0210s ]
NOTIC: [8] Undefined index: validate D:\tools\upupw\htdocs\ll\simplewind\Core\Library\Think\Model.class.php 第 1185 行.
NOTIC: [8] Undefined index: auto D:\tools\upupw\htdocs\ll\simplewind\Core\Library\Think\Model.class.php 第 1128 行.
SQL: UPDATE `lailong_intention` SET `course_id`='4' WHERE `id` = 12 [ RunTime:0.0005s ]
INFO: [ app_end ] --START--
INFO: Run Behavior\ShowPageTraceBehavior [ RunTime:0.026434s ]
INFO: [ app_end ] --END-- [ RunTime:0.026589s ]

[ 2017-06-23T14:11:59+08:00 ] ::1 /ll/index.php?g=Record&m=record&a=relation_post
INFO: [ app_begin ] --START--
INFO: Run Behavior\ReadHtmlCacheBehavior [ RunTime:0.030317s ]
INFO: Run Behavior\CheckLangBehavior [ RunTime:0.073164s ]
INFO: [ app_begin ] --END-- [ RunTime:0.110646s ]
SQL: SHOW COLUMNS FROM `lailong_intention` [ RunTime:0.0209s ]
NOTIC: [8] Undefined index: validate D:\tools\upupw\htdocs\ll\simplewind\Core\Library\Think\Model.class.php 第 1185 行.
NOTIC: [8] Undefined index: auto D:\tools\upupw\htdocs\ll\simplewind\Core\Library\Think\Model.class.php 第 1128 行.
SQL: UPDATE `lailong_intention` SET `course_id`='4' WHERE `id` = 12 [ RunTime:0.0005s ]

[ 2017-06-23T14:15:01+08:00 ] ::1 /ll/index.php?g=Record&m=record&a=relation_post
INFO: [ app_begin ] --START--
INFO: Run Behavior\ReadHtmlCacheBehavior [ RunTime:0.027055s ]
INFO: Run Behavior\CheckLangBehavior [ RunTime:0.075324s ]
INFO: [ app_begin ] --END-- [ RunTime:0.107089s ]
SQL: SHOW COLUMNS FROM `lailong_intention` [ RunTime:0.0209s ]
NOTIC: [8] Undefined index: validate D:\tools\upupw\htdocs\ll\simplewind\Core\Library\Think\Model.class.php 第 1185 行.
NOTIC: [8] Undefined index: auto D:\tools\upupw\htdocs\ll\simplewind\Core\Library\Think\Model.class.php 第 1128 行.
SQL: UPDATE `lailong_intention` SET `course_id`='4' WHERE `id` = 1 [ RunTime:0.0008s ]

