[ 2017-06-30T16:56:19+08:00 ] ::1 /ll/index.php?g=Classification&m=Classification&a=addteachertype_post
INFO: [ app_begin ] --START--
INFO: Run Behavior\ReadHtmlCacheBehavior [ RunTime:0.037616s ]
INFO: Run Behavior\CheckLangBehavior [ RunTime:0.102195s ]
INFO: [ app_begin ] --END-- [ RunTime:0.147274s ]
SQL: SHOW COLUMNS FROM `lailong_teacher_type` [ RunTime:0.0140s ]
NOTIC: [8] Undefined index: validate D:\tools\upupw\htdocs\ll\simplewind\Core\Library\Think\Model.class.php 第 1185 行.
NOTIC: [8] Undefined index: auto D:\tools\upupw\htdocs\ll\simplewind\Core\Library\Think\Model.class.php 第 1128 行.
SQL: INSERT INTO `lailong_teacher_type` (`title`,`index_id`) VALUES ('杀杀杀','99') [ RunTime:0.0004s ]

[ 2017-06-30T16:57:36+08:00 ] ::1 /ll/index.php?g=Classification&m=Classification&a=teachertypeorder
INFO: [ app_begin ] --START--
INFO: Run Behavior\ReadHtmlCacheBehavior [ RunTime:0.016055s ]
INFO: Run Behavior\CheckLangBehavior [ RunTime:0.045074s ]
INFO: [ app_begin ] --END-- [ RunTime:0.065396s ]
SQL: SHOW COLUMNS FROM `lailong_teacher_type` [ RunTime:0.0212s ]
SQL: UPDATE `lailong_teacher_type` SET `index_id`='44' WHERE `id` = 1 [ RunTime:0.0008s ]

[ 2017-06-30T17:00:05+08:00 ] ::1 /ll/index.php?g=Classification&m=Classification&a=editteachertype_post
INFO: [ app_begin ] --START--
INFO: Run Behavior\ReadHtmlCacheBehavior [ RunTime:0.021837s ]
INFO: Run Behavior\CheckLangBehavior [ RunTime:0.051822s ]
INFO: [ app_begin ] --END-- [ RunTime:0.077256s ]

[ 2017-06-30T17:00:52+08:00 ] ::1 /ll/index.php?g=Classification&m=Classification&a=editteachertype_post
INFO: [ app_begin ] --START--
INFO: Run Behavior\ReadHtmlCacheBehavior [ RunTime:0.036720s ]
INFO: Run Behavior\CheckLangBehavior [ RunTime:0.099832s ]
INFO: [ app_begin ] --END-- [ RunTime:0.143140s ]
SQL: SHOW COLUMNS FROM `lailong_teacher_type` [ RunTime:0.0219s ]
NOTIC: [8] Undefined index: validate D:\tools\upupw\htdocs\ll\simplewind\Core\Library\Think\Model.class.php 第 1185 行.
NOTIC: [8] Undefined index: auto D:\tools\upupw\htdocs\ll\simplewind\Core\Library\Think\Model.class.php 第 1128 行.
SQL: UPDATE `lailong_teacher_type` SET `title`='3',`index_id`='99' WHERE `id` = 1 [ RunTime:0.0008s ]

[ 2017-06-30T17:02:44+08:00 ] ::1 /ll/index.php?g=Classification&m=Classification&a=addteachertype_post
INFO: [ app_begin ] --START--
INFO: Run Behavior\ReadHtmlCacheBehavior [ RunTime:0.020460s ]
INFO: Run Behavior\CheckLangBehavior [ RunTime:0.055973s ]
INFO: [ app_begin ] --END-- [ RunTime:0.081104s ]
SQL: SHOW COLUMNS FROM `lailong_teacher_type` [ RunTime:0.0223s ]
SQL: SELECT * FROM `lailong_teacher_type` WHERE (  title = '3'  ) LIMIT 1   [ RunTime:0.0046s ]

[ 2017-06-30T17:02:47+08:00 ] ::1 /ll/index.php?g=Classification&m=Classification&a=addteachertype_post
INFO: [ app_begin ] --START--
INFO: Run Behavior\ReadHtmlCacheBehavior [ RunTime:0.043979s ]
INFO: Run Behavior\CheckLangBehavior [ RunTime:0.130220s ]
INFO: [ app_begin ] --END-- [ RunTime:0.182084s ]
SQL: SHOW COLUMNS FROM `lailong_teacher_type` [ RunTime:0.0343s ]
SQL: SELECT * FROM `lailong_teacher_type` WHERE (  title = '4'  ) LIMIT 1   [ RunTime:0.0005s ]
NOTIC: [8] Undefined index: validate D:\tools\upupw\htdocs\ll\simplewind\Core\Library\Think\Model.class.php 第 1185 行.
NOTIC: [8] Undefined index: auto D:\tools\upupw\htdocs\ll\simplewind\Core\Library\Think\Model.class.php 第 1128 行.
SQL: INSERT INTO `lailong_teacher_type` (`title`,`index_id`,`createtime`) VALUES ('4','99','2017-06-30 17:02:47') [ RunTime:0.0007s ]

[ 2017-06-30T17:02:58+08:00 ] ::1 /ll/index.php?g=Classification&m=Classification&a=teachertypeorder
INFO: [ app_begin ] --START--
INFO: Run Behavior\ReadHtmlCacheBehavior [ RunTime:0.047341s ]
INFO: Run Behavior\CheckLangBehavior [ RunTime:0.100685s ]
INFO: [ app_begin ] --END-- [ RunTime:0.153983s ]
SQL: SHOW COLUMNS FROM `lailong_teacher_type` [ RunTime:0.0333s ]
SQL: UPDATE `lailong_teacher_type` SET `index_id`='44' WHERE `id` = 2 [ RunTime:0.0006s ]
SQL: UPDATE `lailong_teacher_type` SET `index_id`='55' WHERE `id` = 1 [ RunTime:0.0007s ]

[ 2017-06-30T17:03:25+08:00 ] ::1 /ll/index.php?g=Classification&m=Classification&a=teachertypeorder
INFO: [ app_begin ] --START--
INFO: Run Behavior\ReadHtmlCacheBehavior [ RunTime:0.031412s ]
INFO: Run Behavior\CheckLangBehavior [ RunTime:0.094741s ]
INFO: [ app_begin ] --END-- [ RunTime:0.131797s ]
SQL: SHOW COLUMNS FROM `lailong_teacher_type` [ RunTime:0.0161s ]
SQL: UPDATE `lailong_teacher_type` SET `index_id`='44' WHERE `id` = 2 [ RunTime:0.0003s ]
SQL: UPDATE `lailong_teacher_type` SET `index_id`='55' WHERE `id` = 1 [ RunTime:0.0003s ]

[ 2017-06-30T17:03:43+08:00 ] ::1 /ll/index.php?g=Classification&m=Classification&a=teachertypeorder
INFO: [ app_begin ] --START--
INFO: Run Behavior\ReadHtmlCacheBehavior [ RunTime:0.125922s ]
INFO: Run Behavior\CheckLangBehavior [ RunTime:0.157108s ]
INFO: [ app_begin ] --END-- [ RunTime:0.317346s ]
SQL: SHOW COLUMNS FROM `lailong_teacher_type` [ RunTime:0.0220s ]
SQL: UPDATE `lailong_teacher_type` SET `index_id`='2' WHERE `id` = 2 [ RunTime:0.0006s ]
SQL: UPDATE `lailong_teacher_type` SET `index_id`='1' WHERE `id` = 1 [ RunTime:0.0005s ]

[ 2017-06-30T17:03:56+08:00 ] ::1 /ll/index.php?g=Classification&m=Classification&a=deleteteachertype&id=2
INFO: [ app_begin ] --START--
INFO: Run Behavior\ReadHtmlCacheBehavior [ RunTime:0.015138s ]
INFO: Run Behavior\CheckLangBehavior [ RunTime:0.038734s ]
INFO: [ app_begin ] --END-- [ RunTime:0.056487s ]
SQL: SHOW COLUMNS FROM `lailong_teacher_type` [ RunTime:0.0226s ]
SQL: DELETE FROM `lailong_teacher_type` WHERE `id` = 2 [ RunTime:0.0014s ]

[ 2017-06-30T17:04:24+08:00 ] ::1 /ll/index.php?g=Classification&m=Classification&a=addteachertype_post
INFO: [ app_begin ] --START--
INFO: Run Behavior\ReadHtmlCacheBehavior [ RunTime:0.025580s ]
INFO: Run Behavior\CheckLangBehavior [ RunTime:0.095894s ]
INFO: [ app_begin ] --END-- [ RunTime:0.128374s ]
SQL: SHOW COLUMNS FROM `lailong_teacher_type` [ RunTime:0.0215s ]
SQL: SELECT * FROM `lailong_teacher_type` WHERE (  title = 'xx'  ) LIMIT 1   [ RunTime:0.0006s ]
NOTIC: [8] Undefined index: validate D:\tools\upupw\htdocs\ll\simplewind\Core\Library\Think\Model.class.php 第 1185 行.
NOTIC: [8] Undefined index: auto D:\tools\upupw\htdocs\ll\simplewind\Core\Library\Think\Model.class.php 第 1128 行.
SQL: INSERT INTO `lailong_teacher_type` (`title`,`index_id`,`createtime`) VALUES ('xx','341','2017-06-30 17:04:24') [ RunTime:0.0005s ]

[ 2017-06-30T17:34:05+08:00 ] ::1 /ll/index.php?g=Classification&m=classification&a=addchild_post
INFO: [ app_begin ] --START--
INFO: Run Behavior\ReadHtmlCacheBehavior [ RunTime:0.020862s ]
INFO: Run Behavior\CheckLangBehavior [ RunTime:0.042815s ]
INFO: [ app_begin ] --END-- [ RunTime:0.066241s ]
SQL: SHOW COLUMNS FROM `lailong_child` [ RunTime:0.0147s ]
NOTIC: [8] Undefined index: validate D:\tools\upupw\htdocs\ll\simplewind\Core\Library\Think\Model.class.php 第 1185 行.
NOTIC: [8] Undefined index: auto D:\tools\upupw\htdocs\ll\simplewind\Core\Library\Think\Model.class.php 第 1128 行.
SQL: INSERT INTO `lailong_child` (`name`,`nickname`,`avatar`,`birthday`,`gender`,`school`,`grade`,`vip_state`) VALUES ('xxx','xxxx','','2017-06-24','1','123','123','1') [ RunTime:0.0006s ]

[ 2017-06-30T17:34:44+08:00 ] ::1 /ll/index.php?g=Classification&m=classification&a=addchild_post
INFO: [ app_begin ] --START--
INFO: Run Behavior\ReadHtmlCacheBehavior [ RunTime:0.020623s ]
INFO: Run Behavior\CheckLangBehavior [ RunTime:0.054602s ]
INFO: [ app_begin ] --END-- [ RunTime:0.078262s ]
SQL: SHOW COLUMNS FROM `lailong_child` [ RunTime:0.0168s ]
NOTIC: [8] Undefined index: validate D:\tools\upupw\htdocs\ll\simplewind\Core\Library\Think\Model.class.php 第 1185 行.
NOTIC: [8] Undefined index: auto D:\tools\upupw\htdocs\ll\simplewind\Core\Library\Think\Model.class.php 第 1128 行.
SQL: INSERT INTO `lailong_child` (`name`,`nickname`,`avatar`,`birthday`,`gender`,`school`,`grade`,`vip_state`) VALUES ('fasfa','faf','','2017-06-30','1','asf','asf','2') [ RunTime:0.0003s ]

[ 2017-06-30T18:33:16+08:00 ] ::1 /ll/index.php?g=Classification&m=classification&a=changechild
INFO: [ app_begin ] --START--
INFO: Run Behavior\ReadHtmlCacheBehavior [ RunTime:0.019527s ]
INFO: Run Behavior\CheckLangBehavior [ RunTime:0.049021s ]
INFO: [ app_begin ] --END-- [ RunTime:0.071854s ]
NOTIC: [8] Undefined index: id D:\tools\upupw\htdocs\ll\application\Classification\Controller\ClassificationController.class.php 第 460 行.
NOTIC: [8] Undefined index: type D:\tools\upupw\htdocs\ll\application\Classification\Controller\ClassificationController.class.php 第 461 行.
INFO: [ app_end ] --START--
INFO: Run Behavior\ShowPageTraceBehavior [ RunTime:0.038488s ]
INFO: [ app_end ] --END-- [ RunTime:0.038701s ]

[ 2017-06-30T18:34:59+08:00 ] ::1 /ll/index.php?g=Classification&m=classification&a=changechild
INFO: [ app_begin ] --START--
INFO: Run Behavior\ReadHtmlCacheBehavior [ RunTime:0.050108s ]
INFO: Run Behavior\CheckLangBehavior [ RunTime:0.108680s ]
INFO: [ app_begin ] --END-- [ RunTime:0.167795s ]
SQL: SHOW COLUMNS FROM `lailong_child` [ RunTime:0.0229s ]
SQL: UPDATE `lailong_child` SET `vip_state`='3' WHERE `id` = 0 [ RunTime:0.0005s ]
INFO: [ app_end ] --START--
INFO: Run Behavior\ShowPageTraceBehavior [ RunTime:0.039431s ]
INFO: [ app_end ] --END-- [ RunTime:0.039591s ]

[ 2017-06-30T18:35:10+08:00 ] ::1 /ll/index.php?g=Classification&m=classification&a=changechild
INFO: [ app_begin ] --START--
INFO: Run Behavior\ReadHtmlCacheBehavior [ RunTime:0.034001s ]
INFO: Run Behavior\CheckLangBehavior [ RunTime:0.086347s ]
INFO: [ app_begin ] --END-- [ RunTime:0.125151s ]
SQL: SHOW COLUMNS FROM `lailong_child` [ RunTime:0.0280s ]
SQL: UPDATE `lailong_child` SET `vip_state`='3' WHERE `id` = 0 [ RunTime:0.0006s ]
INFO: [ app_end ] --START--
INFO: Run Behavior\ShowPageTraceBehavior [ RunTime:0.037891s ]
INFO: [ app_end ] --END-- [ RunTime:0.038105s ]

[ 2017-06-30T18:35:45+08:00 ] ::1 /ll/index.php?g=Classification&m=classification&a=changechild
INFO: [ app_begin ] --START--
INFO: Run Behavior\ReadHtmlCacheBehavior [ RunTime:0.016231s ]
INFO: Run Behavior\CheckLangBehavior [ RunTime:0.035618s ]
INFO: [ app_begin ] --END-- [ RunTime:0.053869s ]
SQL: SHOW COLUMNS FROM `lailong_child` [ RunTime:0.0124s ]
SQL: UPDATE `lailong_child` SET `vip_state`='3' WHERE `id` = 18 [ RunTime:0.0003s ]
INFO: [ app_end ] --START--
INFO: Run Behavior\ShowPageTraceBehavior [ RunTime:0.012338s ]
INFO: [ app_end ] --END-- [ RunTime:0.012404s ]

[ 2017-06-30T18:40:22+08:00 ] ::1 /ll/index.php?g=Classification&m=classification&a=deleteicon
INFO: [ app_begin ] --START--
INFO: Run Behavior\ReadHtmlCacheBehavior [ RunTime:0.018305s ]
INFO: Run Behavior\CheckLangBehavior [ RunTime:0.046660s ]
INFO: [ app_begin ] --END-- [ RunTime:0.068212s ]
NOTIC: [2] unlink(./data/upload/avatar/149881921259562a8c802d6.png): No such file or directory D:\tools\upupw\htdocs\ll\application\Classification\Controller\ClassificationController.class.php 第 184 行.
INFO: [ app_end ] --START--
INFO: Run Behavior\ShowPageTraceBehavior [ RunTime:0.018512s ]
INFO: [ app_end ] --END-- [ RunTime:0.018611s ]

[ 2017-06-30T18:41:01+08:00 ] ::1 /ll/index.php?g=Classification&m=classification&a=deleteicon
INFO: [ app_begin ] --START--
INFO: Run Behavior\ReadHtmlCacheBehavior [ RunTime:0.026923s ]
INFO: Run Behavior\CheckLangBehavior [ RunTime:0.078099s ]
INFO: [ app_begin ] --END-- [ RunTime:0.110808s ]
NOTIC: [2] unlink(./data/upload/avatar/149881922759562a9b4d46f.jpg): No such file or directory D:\tools\upupw\htdocs\ll\application\Classification\Controller\ClassificationController.class.php 第 184 行.
INFO: [ app_end ] --START--
INFO: Run Behavior\ShowPageTraceBehavior [ RunTime:0.021283s ]
INFO: [ app_end ] --END-- [ RunTime:0.021388s ]

[ 2017-06-30T18:45:52+08:00 ] ::1 /ll/index.php?g=Classification&m=classification&a=deleteicon
INFO: [ app_begin ] --START--
INFO: Run Behavior\ReadHtmlCacheBehavior [ RunTime:0.026560s ]
INFO: Run Behavior\CheckLangBehavior [ RunTime:0.051702s ]
INFO: [ app_begin ] --END-- [ RunTime:0.081480s ]
NOTIC: [2] unlink(./data/upload/avatar/149881927159562ac76ba89.jpg): No such file or directory D:\tools\upupw\htdocs\ll\application\Classification\Controller\ClassificationController.class.php 第 184 行.
INFO: [ app_end ] --START--
INFO: Run Behavior\ShowPageTraceBehavior [ RunTime:0.012760s ]
INFO: [ app_end ] --END-- [ RunTime:0.012834s ]

[ 2017-06-30T19:12:39+08:00 ] ::1 /ll/index.php?g=Classification&m=classification&a=changechild
INFO: [ app_begin ] --START--
INFO: Run Behavior\ReadHtmlCacheBehavior [ RunTime:0.053007s ]
INFO: Run Behavior\CheckLangBehavior [ RunTime:0.158178s ]
INFO: [ app_begin ] --END-- [ RunTime:0.218579s ]

[ 2017-06-30T19:15:00+08:00 ] ::1 /ll/index.php?g=Classification&m=classification&a=addchild_post
INFO: [ app_begin ] --START--
INFO: Run Behavior\ReadHtmlCacheBehavior [ RunTime:0.048564s ]
INFO: Run Behavior\CheckLangBehavior [ RunTime:0.115323s ]
INFO: [ app_begin ] --END-- [ RunTime:0.193365s ]
SQL: SHOW COLUMNS FROM `lailong_child` [ RunTime:0.0161s ]
NOTIC: [8] Undefined index: validate D:\tools\upupw\htdocs\ll\simplewind\Core\Library\Think\Model.class.php 第 1185 行.
NOTIC: [8] Undefined index: auto D:\tools\upupw\htdocs\ll\simplewind\Core\Library\Think\Model.class.php 第 1128 行.
SQL: INSERT INTO `lailong_child` (`name`,`nickname`,`avatar`,`birthday`,`gender`,`school`,`grade`,`vip_state`) VALUES ('2131','3123','1498821290595632aa86a30.png','2017-06-30','2','213','321','1') [ RunTime:0.0010s ]

[ 2017-06-30T20:07:14+08:00 ] ::1 /ll/index.php?g=Classification&m=classification&a=deleteicon
INFO: [ app_begin ] --START--
INFO: Run Behavior\ReadHtmlCacheBehavior [ RunTime:0.036277s ]
INFO: Run Behavior\CheckLangBehavior [ RunTime:0.082489s ]
INFO: [ app_begin ] --END-- [ RunTime:0.127733s ]
INFO: [ app_end ] --START--
INFO: Run Behavior\ShowPageTraceBehavior [ RunTime:0.046104s ]
INFO: [ app_end ] --END-- [ RunTime:0.046345s ]

[ 2017-06-30T20:09:01+08:00 ] ::1 /ll/index.php?g=Classification&m=classification&a=deleteicon
INFO: [ app_begin ] --START--
INFO: Run Behavior\ReadHtmlCacheBehavior [ RunTime:0.019122s ]
INFO: Run Behavior\CheckLangBehavior [ RunTime:0.057254s ]
INFO: [ app_begin ] --END-- [ RunTime:0.081623s ]
INFO: [ app_end ] --START--
INFO: Run Behavior\ShowPageTraceBehavior [ RunTime:0.031940s ]
INFO: [ app_end ] --END-- [ RunTime:0.032068s ]

[ 2017-06-30T20:09:22+08:00 ] ::1 /ll/index.php?g=Classification&m=classification&a=deleteicon
INFO: [ app_begin ] --START--
INFO: Run Behavior\ReadHtmlCacheBehavior [ RunTime:0.026576s ]
INFO: Run Behavior\CheckLangBehavior [ RunTime:0.060996s ]
INFO: [ app_begin ] --END-- [ RunTime:0.091421s ]
INFO: [ app_end ] --START--
INFO: Run Behavior\ShowPageTraceBehavior [ RunTime:0.017513s ]
INFO: [ app_end ] --END-- [ RunTime:0.017617s ]

[ 2017-06-30T20:09:38+08:00 ] ::1 /ll/index.php?g=Classification&m=classification&a=deleteicon
INFO: [ app_begin ] --START--
INFO: Run Behavior\ReadHtmlCacheBehavior [ RunTime:0.053894s ]
INFO: Run Behavior\CheckLangBehavior [ RunTime:0.115974s ]
INFO: [ app_begin ] --END-- [ RunTime:0.179946s ]
INFO: [ app_end ] --START--
INFO: Run Behavior\ShowPageTraceBehavior [ RunTime:0.153120s ]
INFO: [ app_end ] --END-- [ RunTime:0.153410s ]

[ 2017-06-30T20:09:50+08:00 ] ::1 /ll/index.php?g=Classification&m=classification&a=deleteicon
INFO: [ app_begin ] --START--
INFO: Run Behavior\ReadHtmlCacheBehavior [ RunTime:0.110932s ]
INFO: Run Behavior\CheckLangBehavior [ RunTime:0.265905s ]
INFO: [ app_begin ] --END-- [ RunTime:0.382474s ]
INFO: [ app_end ] --START--
INFO: Run Behavior\ShowPageTraceBehavior [ RunTime:0.022625s ]
INFO: [ app_end ] --END-- [ RunTime:0.022762s ]

[ 2017-06-30T20:17:31+08:00 ] ::1 /ll/index.php?g=Classification&m=classification&a=deleteicon
INFO: [ app_begin ] --START--
INFO: Run Behavior\ReadHtmlCacheBehavior [ RunTime:0.027633s ]
INFO: Run Behavior\CheckLangBehavior [ RunTime:0.077962s ]
INFO: [ app_begin ] --END-- [ RunTime:0.109653s ]
INFO: [ app_end ] --START--
INFO: Run Behavior\ShowPageTraceBehavior [ RunTime:0.057120s ]
INFO: [ app_end ] --END-- [ RunTime:0.057411s ]

[ 2017-06-30T20:17:52+08:00 ] ::1 /ll/index.php?g=Classification&m=classification&a=deleteicon
INFO: [ app_begin ] --START--
INFO: Run Behavior\ReadHtmlCacheBehavior [ RunTime:0.039470s ]
INFO: Run Behavior\CheckLangBehavior [ RunTime:0.175039s ]
INFO: [ app_begin ] --END-- [ RunTime:0.221743s ]
INFO: [ app_end ] --START--
INFO: Run Behavior\ShowPageTraceBehavior [ RunTime:0.033490s ]
INFO: [ app_end ] --END-- [ RunTime:0.033654s ]

[ 2017-06-30T20:18:51+08:00 ] ::1 /ll/index.php?g=Classification&m=classification&a=deleteicon
INFO: [ app_begin ] --START--
INFO: Run Behavior\ReadHtmlCacheBehavior [ RunTime:0.026481s ]
INFO: Run Behavior\CheckLangBehavior [ RunTime:0.071360s ]
INFO: [ app_begin ] --END-- [ RunTime:0.103331s ]
INFO: [ app_end ] --START--
INFO: Run Behavior\ShowPageTraceBehavior [ RunTime:0.033235s ]
INFO: [ app_end ] --END-- [ RunTime:0.033439s ]

[ 2017-06-30T20:22:43+08:00 ] ::1 /ll/index.php?g=Classification&m=classification&a=deleteicon
INFO: [ app_begin ] --START--
INFO: Run Behavior\ReadHtmlCacheBehavior [ RunTime:0.062096s ]
INFO: Run Behavior\CheckLangBehavior [ RunTime:0.116265s ]
INFO: [ app_begin ] --END-- [ RunTime:0.193602s ]
INFO: [ app_end ] --START--
INFO: Run Behavior\ShowPageTraceBehavior [ RunTime:0.062999s ]
INFO: [ app_end ] --END-- [ RunTime:0.063207s ]

[ 2017-06-30T20:22:51+08:00 ] ::1 /ll/index.php?g=Classification&m=classification&a=deleteicon
INFO: [ app_begin ] --START--
INFO: Run Behavior\ReadHtmlCacheBehavior [ RunTime:0.027119s ]
INFO: Run Behavior\CheckLangBehavior [ RunTime:0.072093s ]
INFO: [ app_begin ] --END-- [ RunTime:0.102695s ]
INFO: [ app_end ] --START--
INFO: Run Behavior\ShowPageTraceBehavior [ RunTime:0.020295s ]
INFO: [ app_end ] --END-- [ RunTime:0.020454s ]

[ 2017-06-30T20:33:06+08:00 ] ::1 /ll/index.php?g=Classification&m=classification&a=deleteicon
INFO: [ app_begin ] --START--
INFO: Run Behavior\ReadHtmlCacheBehavior [ RunTime:0.036544s ]
INFO: Run Behavior\CheckLangBehavior [ RunTime:0.092329s ]
INFO: [ app_begin ] --END-- [ RunTime:0.134326s ]
INFO: [ app_end ] --START--
INFO: Run Behavior\ShowPageTraceBehavior [ RunTime:0.088505s ]
INFO: [ app_end ] --END-- [ RunTime:0.088771s ]

[ 2017-06-30T20:38:55+08:00 ] ::1 /ll/index.php?g=Classification&m=classification&a=deleteicon
INFO: [ app_begin ] --START--
INFO: Run Behavior\ReadHtmlCacheBehavior [ RunTime:0.022140s ]
INFO: Run Behavior\CheckLangBehavior [ RunTime:0.061908s ]
INFO: [ app_begin ] --END-- [ RunTime:0.088103s ]
INFO: [ app_end ] --START--
INFO: Run Behavior\ShowPageTraceBehavior [ RunTime:0.025160s ]
INFO: [ app_end ] --END-- [ RunTime:0.025376s ]

[ 2017-06-30T20:39:03+08:00 ] ::1 /ll/index.php?g=Classification&m=classification&a=deleteicon
INFO: [ app_begin ] --START--
INFO: Run Behavior\ReadHtmlCacheBehavior [ RunTime:0.044691s ]
INFO: Run Behavior\CheckLangBehavior [ RunTime:0.093292s ]
INFO: [ app_begin ] --END-- [ RunTime:0.147392s ]
INFO: [ app_end ] --START--
INFO: Run Behavior\ShowPageTraceBehavior [ RunTime:0.063326s ]
INFO: [ app_end ] --END-- [ RunTime:0.063521s ]

[ 2017-06-30T20:40:01+08:00 ] ::1 /ll/index.php?g=Classification&m=classification&a=deleteicon
INFO: [ app_begin ] --START--
INFO: Run Behavior\ReadHtmlCacheBehavior [ RunTime:0.026221s ]
INFO: Run Behavior\CheckLangBehavior [ RunTime:0.106504s ]
INFO: [ app_begin ] --END-- [ RunTime:0.137481s ]
INFO: [ app_end ] --START--
INFO: Run Behavior\ShowPageTraceBehavior [ RunTime:0.039157s ]
INFO: [ app_end ] --END-- [ RunTime:0.039513s ]

[ 2017-06-30T20:40:46+08:00 ] ::1 /ll/index.php?g=Classification&m=classification&a=deleteicon
INFO: [ app_begin ] --START--
INFO: Run Behavior\ReadHtmlCacheBehavior [ RunTime:0.026523s ]
INFO: Run Behavior\CheckLangBehavior [ RunTime:0.064610s ]
INFO: [ app_begin ] --END-- [ RunTime:0.095894s ]
INFO: [ app_end ] --START--
INFO: Run Behavior\ShowPageTraceBehavior [ RunTime:0.024877s ]
INFO: [ app_end ] --END-- [ RunTime:0.024989s ]

[ 2017-06-30T20:40:53+08:00 ] ::1 /ll/index.php?g=Classification&m=classification&a=deleteicon
INFO: [ app_begin ] --START--
INFO: Run Behavior\ReadHtmlCacheBehavior [ RunTime:0.034806s ]
INFO: Run Behavior\CheckLangBehavior [ RunTime:0.091734s ]
INFO: [ app_begin ] --END-- [ RunTime:0.130763s ]
INFO: [ app_end ] --START--
INFO: Run Behavior\ShowPageTraceBehavior [ RunTime:0.021075s ]
INFO: [ app_end ] --END-- [ RunTime:0.021254s ]

