[ 2017-06-21T13:44:10+08:00 ] ::1 /ll/index.php?g=Classification&m=classification&a=addchild_post
INFO: [ app_begin ] --START--
INFO: Run Behavior\ReadHtmlCacheBehavior [ RunTime:0.026928s ]
INFO: Run Behavior\CheckLangBehavior [ RunTime:0.069245s ]
INFO: [ app_begin ] --END-- [ RunTime:0.100939s ]

[ 2017-06-21T13:44:18+08:00 ] ::1 /ll/index.php?g=Classification&m=classification&a=addchild_post
INFO: [ app_begin ] --START--
INFO: Run Behavior\ReadHtmlCacheBehavior [ RunTime:0.028793s ]
INFO: Run Behavior\CheckLangBehavior [ RunTime:0.077677s ]
INFO: [ app_begin ] --END-- [ RunTime:0.112671s ]
SQL: SHOW COLUMNS FROM `lailong_child` [ RunTime:0.0200s ]
NOTIC: [8] Undefined index: validate D:\tools\upupw\htdocs\ll\simplewind\Core\Library\Think\Model.class.php 第 1185 行.
NOTIC: [8] Undefined index: auto D:\tools\upupw\htdocs\ll\simplewind\Core\Library\Think\Model.class.php 第 1128 行.
SQL: INSERT INTO `lailong_child` (`name`,`nickname`,`avatar`,`birthday`,`gender`,`school`,`grade`,`vip_state`) VALUES ('sad','asd','1498023840594a07a10fb58.jpg','2017-06-21','1','asd','sda','1') [ RunTime:0.0012s ]

[ 2017-06-21T14:14:06+08:00 ] ::1 /ll/index.php?g=Classification&m=classification&a=deleteicon
INFO: [ app_begin ] --START--
INFO: Run Behavior\ReadHtmlCacheBehavior [ RunTime:0.033267s ]
INFO: Run Behavior\CheckLangBehavior [ RunTime:0.115048s ]
INFO: [ app_begin ] --END-- [ RunTime:0.154687s ]
INFO: [ app_end ] --START--
INFO: Run Behavior\ShowPageTraceBehavior [ RunTime:0.035571s ]
INFO: [ app_end ] --END-- [ RunTime:0.036002s ]

[ 2017-06-21T14:14:17+08:00 ] ::1 /ll/index.php?g=Classification&m=classification&a=addchild_post
INFO: [ app_begin ] --START--
INFO: Run Behavior\ReadHtmlCacheBehavior [ RunTime:0.026774s ]
INFO: Run Behavior\CheckLangBehavior [ RunTime:0.073582s ]
INFO: [ app_begin ] --END-- [ RunTime:0.106253s ]
SQL: SHOW COLUMNS FROM `lailong_child` [ RunTime:0.0202s ]
NOTIC: [8] Undefined index: validate D:\tools\upupw\htdocs\ll\simplewind\Core\Library\Think\Model.class.php 第 1185 行.
NOTIC: [8] Undefined index: auto D:\tools\upupw\htdocs\ll\simplewind\Core\Library\Think\Model.class.php 第 1128 行.
SQL: INSERT INTO `lailong_child` (`name`,`nickname`,`avatar`,`birthday`,`gender`,`school`,`grade`,`vip_state`) VALUES ('gfgh','dgsg','','2017-06-21','0','312','123','1') [ RunTime:0.0010s ]

[ 2017-06-21T14:22:19+08:00 ] ::1 /ll/index.php?g=Classification&m=classification&a=editchild_post
INFO: [ app_begin ] --START--
INFO: Run Behavior\ReadHtmlCacheBehavior [ RunTime:0.026632s ]
INFO: Run Behavior\CheckLangBehavior [ RunTime:0.077179s ]
INFO: [ app_begin ] --END-- [ RunTime:0.110701s ]

[ 2017-06-21T14:22:47+08:00 ] ::1 /ll/index.php?g=Classification&m=classification&a=addchild_post
INFO: [ app_begin ] --START--
INFO: Run Behavior\ReadHtmlCacheBehavior [ RunTime:0.030799s ]
INFO: Run Behavior\CheckLangBehavior [ RunTime:0.072572s ]
INFO: [ app_begin ] --END-- [ RunTime:0.108196s ]
SQL: SHOW COLUMNS FROM `lailong_child` [ RunTime:0.0208s ]
NOTIC: [8] Undefined index: validate D:\tools\upupw\htdocs\ll\simplewind\Core\Library\Think\Model.class.php 第 1185 行.
NOTIC: [8] Undefined index: auto D:\tools\upupw\htdocs\ll\simplewind\Core\Library\Think\Model.class.php 第 1128 行.
SQL: INSERT INTO `lailong_child` (`name`,`nickname`,`avatar`,`birthday`,`gender`,`school`,`grade`,`vip_state`) VALUES ('32131','3123123','','2017-06-21','0','312','312','0') [ RunTime:0.0008s ]

[ 2017-06-21T14:28:05+08:00 ] ::1 /ll/index.php?g=Classification&m=classification&a=addchild_post
INFO: [ app_begin ] --START--
INFO: Run Behavior\ReadHtmlCacheBehavior [ RunTime:0.027715s ]
INFO: Run Behavior\CheckLangBehavior [ RunTime:0.081372s ]
INFO: [ app_begin ] --END-- [ RunTime:0.113861s ]
SQL: SHOW COLUMNS FROM `lailong_child` [ RunTime:0.0214s ]
NOTIC: [8] Undefined index: validate D:\tools\upupw\htdocs\ll\simplewind\Core\Library\Think\Model.class.php 第 1185 行.
NOTIC: [8] Undefined index: auto D:\tools\upupw\htdocs\ll\simplewind\Core\Library\Think\Model.class.php 第 1128 行.
SQL: INSERT INTO `lailong_child` (`name`,`nickname`,`avatar`,`birthday`,`gender`,`school`,`grade`,`vip_state`) VALUES ('dasd','asda','','2017-06-21','0','3123','3123','2') [ RunTime:0.0008s ]

[ 2017-06-21T17:44:23+08:00 ] ::1 /ll/index.php?g=Classification&m=classification&a=addchild_post
INFO: [ app_begin ] --START--
INFO: Run Behavior\ReadHtmlCacheBehavior [ RunTime:0.024985s ]
INFO: Run Behavior\CheckLangBehavior [ RunTime:0.074851s ]
INFO: [ app_begin ] --END-- [ RunTime:0.104461s ]
SQL: SHOW COLUMNS FROM `lailong_child` [ RunTime:0.0241s ]
NOTIC: [8] Undefined index: validate D:\tools\upupw\htdocs\ll\simplewind\Core\Library\Think\Model.class.php 第 1185 行.
NOTIC: [8] Undefined index: auto D:\tools\upupw\htdocs\ll\simplewind\Core\Library\Think\Model.class.php 第 1128 行.
SQL: INSERT INTO `lailong_child` (`name`,`nickname`,`avatar`,`birthday`,`gender`,`school`,`grade`,`vip_state`) VALUES ('3123','123123123','','2017-06-21','1','213','123','0') [ RunTime:0.0017s ]

[ 2017-06-21T17:44:40+08:00 ] ::1 /ll/index.php?g=Classification&m=classification&a=addchild_post
INFO: [ app_begin ] --START--
INFO: Run Behavior\ReadHtmlCacheBehavior [ RunTime:0.024300s ]
INFO: Run Behavior\CheckLangBehavior [ RunTime:0.072610s ]
INFO: [ app_begin ] --END-- [ RunTime:0.100902s ]
SQL: SHOW COLUMNS FROM `lailong_child` [ RunTime:0.0204s ]
NOTIC: [8] Undefined index: validate D:\tools\upupw\htdocs\ll\simplewind\Core\Library\Think\Model.class.php 第 1185 行.
NOTIC: [8] Undefined index: auto D:\tools\upupw\htdocs\ll\simplewind\Core\Library\Think\Model.class.php 第 1128 行.
SQL: INSERT INTO `lailong_child` (`name`,`nickname`,`avatar`,`birthday`,`gender`,`school`,`grade`,`vip_state`) VALUES ('213','213','','2017-06-21','0','213','312','0') [ RunTime:0.0007s ]

