[ 2017-06-28T16:51:43+08:00 ] ::1 /ll/index.php?g=Other&m=Appversion&a=add_post
INFO: [ app_begin ] --START--
INFO: Run Behavior\ReadHtmlCacheBehavior [ RunTime:0.025894s ]
INFO: Run Behavior\CheckLangBehavior [ RunTime:0.071908s ]
INFO: [ app_begin ] --END-- [ RunTime:0.102777s ]
SQL: SHOW COLUMNS FROM `lailong_app_version` [ RunTime:0.0197s ]
SQL: INSERT INTO `lailong_app_version` (`version`,`url`,`content`,`force`,`createtime`) VALUES ('123','123','123','1','2017-06-28 16:06:43') [ RunTime:0.0007s ]

[ 2017-06-28T16:51:56+08:00 ] ::1 /ll/index.php?g=Other&m=Appversion&a=edit_post
INFO: [ app_begin ] --START--
INFO: Run Behavior\ReadHtmlCacheBehavior [ RunTime:0.025779s ]
INFO: Run Behavior\CheckLangBehavior [ RunTime:0.070029s ]
INFO: [ app_begin ] --END-- [ RunTime:0.100313s ]

[ 2017-06-28T16:54:26+08:00 ] ::1 /ll/index.php?g=Other&m=Appversion&a=edit_post
INFO: [ app_begin ] --START--
INFO: Run Behavior\ReadHtmlCacheBehavior [ RunTime:0.025344s ]
INFO: Run Behavior\CheckLangBehavior [ RunTime:0.072570s ]
INFO: [ app_begin ] --END-- [ RunTime:0.102992s ]
SQL: SHOW COLUMNS FROM `lailong_app_version` [ RunTime:0.0199s ]
SQL: UPDATE `lailong_app_version` SET `version`='123',`url`='123',`content`='777',`force`='1',`createtime`='2017-06-28 16:06:25' WHERE `id` = 1 [ RunTime:0.0008s ]

[ 2017-06-28T17:52:59+08:00 ] ::1 /ll/index.php?g=Other&m=Scorecharge&a=scorechargelist&menuid=191
ERR: 1054:Unknown column 'index_id' in 'order clause'
 [ SQL语句 ] : SELECT * FROM `lailong_integral_order_config` WHERE ( 1=1 ) ORDER BY index_id ASC LIMIT 0,10  

[ 2017-06-28T17:53:54+08:00 ] ::1 /ll/index.php?g=Other&m=scorecharge&a=add_post
INFO: [ app_begin ] --START--
INFO: Run Behavior\ReadHtmlCacheBehavior [ RunTime:0.026660s ]
INFO: Run Behavior\CheckLangBehavior [ RunTime:0.075305s ]
INFO: [ app_begin ] --END-- [ RunTime:0.106495s ]

[ 2017-06-28T17:54:00+08:00 ] ::1 /ll/index.php?g=Other&m=scorecharge&a=add_post
INFO: [ app_begin ] --START--
INFO: Run Behavior\ReadHtmlCacheBehavior [ RunTime:0.027541s ]
INFO: Run Behavior\CheckLangBehavior [ RunTime:0.075080s ]
INFO: [ app_begin ] --END-- [ RunTime:0.107832s ]
SQL: SHOW COLUMNS FROM `lailong_integral_order_config` [ RunTime:0.0194s ]
SQL: INSERT INTO `lailong_integral_order_config` (`title`,`amount`,`integral`,`createtime`,`index_id`) VALUES ('13','1','10','2017-06-28 17:54:00','22') [ RunTime:0.0007s ]

[ 2017-06-28T17:54:18+08:00 ] ::1 /ll/index.php?g=Other&m=scorecharge&a=add_post
INFO: [ app_begin ] --START--
INFO: Run Behavior\ReadHtmlCacheBehavior [ RunTime:0.027221s ]
INFO: Run Behavior\CheckLangBehavior [ RunTime:0.074246s ]
INFO: [ app_begin ] --END-- [ RunTime:0.106858s ]
SQL: SHOW COLUMNS FROM `lailong_integral_order_config` [ RunTime:0.0196s ]
SQL: INSERT INTO `lailong_integral_order_config` (`title`,`amount`,`integral`,`createtime`,`index_id`) VALUES ('55','5','50','2017-06-28 17:54:17','55') [ RunTime:0.0008s ]

[ 2017-06-28T17:54:28+08:00 ] ::1 /ll/index.php?g=Other&m=scorecharge&a=listorders
INFO: [ app_begin ] --START--
INFO: Run Behavior\ReadHtmlCacheBehavior [ RunTime:0.024655s ]
INFO: Run Behavior\CheckLangBehavior [ RunTime:0.074401s ]
INFO: [ app_begin ] --END-- [ RunTime:0.104689s ]
SQL: SHOW COLUMNS FROM `lailong_integral_order_config` [ RunTime:0.0238s ]
SQL: UPDATE `lailong_integral_order_config` SET `index_id`='57' WHERE `id` = 1 [ RunTime:0.0007s ]

[ 2017-06-28T17:55:45+08:00 ] ::1 /ll/index.php?g=Other&m=scorecharge&a=listorders
INFO: [ app_begin ] --START--
INFO: Run Behavior\ReadHtmlCacheBehavior [ RunTime:0.032081s ]
INFO: Run Behavior\CheckLangBehavior [ RunTime:0.083849s ]
INFO: [ app_begin ] --END-- [ RunTime:0.125771s ]
SQL: SHOW COLUMNS FROM `lailong_integral_order_config` [ RunTime:0.0201s ]
SQL: UPDATE `lailong_integral_order_config` SET `index_id`='77' WHERE `id` = 2 [ RunTime:0.0006s ]
SQL: UPDATE `lailong_integral_order_config` SET `index_id`='22' WHERE `id` = 1 [ RunTime:0.0004s ]

[ 2017-06-28T17:55:52+08:00 ] ::1 /ll/index.php?g=Other&m=scorecharge&a=listorders
INFO: [ app_begin ] --START--
INFO: Run Behavior\ReadHtmlCacheBehavior [ RunTime:0.030535s ]
INFO: Run Behavior\CheckLangBehavior [ RunTime:0.067913s ]
INFO: [ app_begin ] --END-- [ RunTime:0.103020s ]
SQL: SHOW COLUMNS FROM `lailong_integral_order_config` [ RunTime:0.0214s ]
SQL: UPDATE `lailong_integral_order_config` SET `index_id`='22' WHERE `id` = 1 [ RunTime:0.0006s ]
SQL: UPDATE `lailong_integral_order_config` SET `index_id`='78' WHERE `id` = 2 [ RunTime:0.0007s ]

