[ 2017-06-22T17:24:43+08:00 ] ::1 /ll/index.php?g=Other&m=EncourageConfig&a=add_post
INFO: [ app_begin ] --START--
INFO: Run Behavior\ReadHtmlCacheBehavior [ RunTime:0.028168s ]
INFO: Run Behavior\CheckLangBehavior [ RunTime:0.061428s ]
INFO: [ app_begin ] --END-- [ RunTime:0.094482s ]

[ 2017-06-22T17:25:09+08:00 ] ::1 /ll/index.php?g=Other&m=EncourageConfig&a=add_post
INFO: [ app_begin ] --START--
INFO: Run Behavior\ReadHtmlCacheBehavior [ RunTime:0.033172s ]
INFO: Run Behavior\CheckLangBehavior [ RunTime:0.086936s ]
INFO: [ app_begin ] --END-- [ RunTime:0.124969s ]
SQL: SHOW COLUMNS FROM `lailong_encourage_config` [ RunTime:0.0209s ]
NOTIC: [8] Undefined index: validate D:\tools\upupw\htdocs\ll\simplewind\Core\Library\Think\Model.class.php 第 1185 行.
NOTIC: [8] Undefined index: auto D:\tools\upupw\htdocs\ll\simplewind\Core\Library\Think\Model.class.php 第 1128 行.
SQL: INSERT INTO `lailong_encourage_config` (`type`,`integral`,`content`,`createtime`) VALUES ('0','31','1231231','2017') [ RunTime:0.0011s ]

[ 2017-06-22T17:25:15+08:00 ] ::1 /ll/index.php?g=Other&m=EncourageConfig&a=edit&editid=1
ERR: 1054:Unknown column 'editid' in 'where clause'
 [ SQL语句 ] : SELECT * FROM `lailong_encourage_config` WHERE ( editid = 1 ) LIMIT 1  

[ 2017-06-22T17:25:32+08:00 ] ::1 /ll/index.php?g=Other&m=EncourageConfig&a=edit_post
INFO: [ app_begin ] --START--
INFO: Run Behavior\ReadHtmlCacheBehavior [ RunTime:0.034090s ]
INFO: Run Behavior\CheckLangBehavior [ RunTime:0.066636s ]
INFO: [ app_begin ] --END-- [ RunTime:0.108343s ]
SQL: SHOW COLUMNS FROM `lailong_encourage_config` [ RunTime:0.0209s ]
NOTIC: [8] Undefined index: validate D:\tools\upupw\htdocs\ll\simplewind\Core\Library\Think\Model.class.php 第 1185 行.
NOTIC: [8] Undefined index: auto D:\tools\upupw\htdocs\ll\simplewind\Core\Library\Think\Model.class.php 第 1128 行.
SQL: UPDATE `lailong_encourage_config` SET `type`='2',`integral`='31',`content`='1231231',`createtime`='2017' WHERE `id` = 1 [ RunTime:0.0008s ]

[ 2017-06-22T17:27:14+08:00 ] ::1 /ll/index.php?g=Other&m=EncourageConfig&a=add_post
INFO: [ app_begin ] --START--
INFO: Run Behavior\ReadHtmlCacheBehavior [ RunTime:0.039125s ]
INFO: Run Behavior\CheckLangBehavior [ RunTime:0.074172s ]
INFO: [ app_begin ] --END-- [ RunTime:0.117917s ]
SQL: SHOW COLUMNS FROM `lailong_encourage_config` [ RunTime:0.0171s ]
NOTIC: [8] Undefined index: validate D:\tools\upupw\htdocs\ll\simplewind\Core\Library\Think\Model.class.php 第 1185 行.
NOTIC: [8] Undefined index: auto D:\tools\upupw\htdocs\ll\simplewind\Core\Library\Think\Model.class.php 第 1128 行.
SQL: INSERT INTO `lailong_encourage_config` (`type`,`integral`,`content`,`createtime`) VALUES ('1','312','123213123','2017-06-22 17:27:14') [ RunTime:0.0010s ]

[ 2017-06-22T17:30:09+08:00 ] ::1 /ll/index.php?g=Other&m=EncourageConfig&a=delete&id=1
INFO: [ app_begin ] --START--
INFO: Run Behavior\ReadHtmlCacheBehavior [ RunTime:0.027375s ]
INFO: Run Behavior\CheckLangBehavior [ RunTime:0.077233s ]
INFO: [ app_begin ] --END-- [ RunTime:0.110155s ]
SQL: SHOW COLUMNS FROM `lailong_integral_order_config` [ RunTime:0.0166s ]
SQL: DELETE FROM `lailong_integral_order_config` WHERE ( id = 1 ) [ RunTime:0.0005s ]

[ 2017-06-22T17:30:49+08:00 ] ::1 /ll/index.php?g=Other&m=EncourageConfig&a=delete&id=1
INFO: [ app_begin ] --START--
INFO: Run Behavior\ReadHtmlCacheBehavior [ RunTime:0.034681s ]
INFO: Run Behavior\CheckLangBehavior [ RunTime:0.070159s ]
INFO: [ app_begin ] --END-- [ RunTime:0.109413s ]
SQL: SHOW COLUMNS FROM `lailong_encourage_config` [ RunTime:0.0151s ]
SQL: DELETE FROM `lailong_encourage_config` WHERE ( id = 1 ) [ RunTime:0.0009s ]

