[ 2017-06-29T08:50:48+08:00 ] ::1 /ll/index.php?g=Other&m=scorecharge&a=listorders
INFO: [ app_begin ] --START--
INFO: Run Behavior\ReadHtmlCacheBehavior [ RunTime:0.021762s ]
INFO: Run Behavior\CheckLangBehavior [ RunTime:0.062850s ]
INFO: [ app_begin ] --END-- [ RunTime:0.088951s ]
SQL: SHOW COLUMNS FROM `lailong_integral_order_config` [ RunTime:0.0157s ]
SQL: UPDATE `lailong_integral_order_config` SET `index_id`='12' WHERE `id` = 1 [ RunTime:0.0007s ]
SQL: UPDATE `lailong_integral_order_config` SET `index_id`='78' WHERE `id` = 2 [ RunTime:0.0003s ]

[ 2017-06-29T08:50:59+08:00 ] ::1 /ll/index.php?g=Other&m=scorecharge&a=listorders
INFO: [ app_begin ] --START--
INFO: Run Behavior\ReadHtmlCacheBehavior [ RunTime:0.025433s ]
INFO: Run Behavior\CheckLangBehavior [ RunTime:0.065891s ]
INFO: [ app_begin ] --END-- [ RunTime:0.095905s ]
SQL: SHOW COLUMNS FROM `lailong_integral_order_config` [ RunTime:0.0134s ]
SQL: UPDATE `lailong_integral_order_config` SET `index_id`='13' WHERE `id` = 1 [ RunTime:0.0006s ]
SQL: UPDATE `lailong_integral_order_config` SET `index_id`='10' WHERE `id` = 2 [ RunTime:0.0007s ]

[ 2017-06-29T09:47:24+08:00 ] ::1 /ll/index.php?g=Other&m=message&a=add_post
INFO: [ app_begin ] --START--
INFO: Run Behavior\ReadHtmlCacheBehavior [ RunTime:0.026477s ]
INFO: Run Behavior\CheckLangBehavior [ RunTime:0.073154s ]
INFO: [ app_begin ] --END-- [ RunTime:0.105861s ]
NOTIC: [8] Undefined index: user_id D:\tools\upupw\htdocs\ll\application\Other\Controller\MessageController.class.php 第 72 行.
NOTIC: [8] Undefined index: type D:\tools\upupw\htdocs\ll\application\Other\Controller\MessageController.class.php 第 73 行.

[ 2017-06-29T09:47:28+08:00 ] ::1 /ll/index.php?g=Other&m=message&a=add_post
INFO: [ app_begin ] --START--
INFO: Run Behavior\ReadHtmlCacheBehavior [ RunTime:0.029047s ]
INFO: Run Behavior\CheckLangBehavior [ RunTime:0.070785s ]
INFO: [ app_begin ] --END-- [ RunTime:0.104551s ]
NOTIC: [8] Undefined index: user_id D:\tools\upupw\htdocs\ll\application\Other\Controller\MessageController.class.php 第 72 行.
NOTIC: [8] Undefined index: type D:\tools\upupw\htdocs\ll\application\Other\Controller\MessageController.class.php 第 73 行.

[ 2017-06-29T09:47:34+08:00 ] ::1 /ll/index.php?g=Other&m=message&a=add_post
INFO: [ app_begin ] --START--
INFO: Run Behavior\ReadHtmlCacheBehavior [ RunTime:0.026435s ]
INFO: Run Behavior\CheckLangBehavior [ RunTime:0.058569s ]
INFO: [ app_begin ] --END-- [ RunTime:0.089326s ]
NOTIC: [8] Undefined index: user_id D:\tools\upupw\htdocs\ll\application\Other\Controller\MessageController.class.php 第 72 行.
NOTIC: [8] Undefined index: type D:\tools\upupw\htdocs\ll\application\Other\Controller\MessageController.class.php 第 73 行.

[ 2017-06-29T09:47:37+08:00 ] ::1 /ll/index.php?g=Other&m=message&a=add_post
INFO: [ app_begin ] --START--
INFO: Run Behavior\ReadHtmlCacheBehavior [ RunTime:0.026186s ]
INFO: Run Behavior\CheckLangBehavior [ RunTime:0.068829s ]
INFO: [ app_begin ] --END-- [ RunTime:0.100132s ]
NOTIC: [8] Undefined index: user_id D:\tools\upupw\htdocs\ll\application\Other\Controller\MessageController.class.php 第 72 行.
NOTIC: [8] Undefined index: type D:\tools\upupw\htdocs\ll\application\Other\Controller\MessageController.class.php 第 73 行.

[ 2017-06-29T09:48:44+08:00 ] ::1 /ll/index.php?g=Other&m=message&a=add_post
INFO: [ app_begin ] --START--
INFO: Run Behavior\ReadHtmlCacheBehavior [ RunTime:0.021588s ]
INFO: Run Behavior\CheckLangBehavior [ RunTime:0.063845s ]
INFO: [ app_begin ] --END-- [ RunTime:0.089182s ]
NOTIC: [8] Undefined index: user_id D:\tools\upupw\htdocs\ll\application\Other\Controller\MessageController.class.php 第 72 行.
NOTIC: [8] Undefined index: type D:\tools\upupw\htdocs\ll\application\Other\Controller\MessageController.class.php 第 73 行.

[ 2017-06-29T09:48:47+08:00 ] ::1 /ll/index.php?g=Other&m=message&a=add_post
INFO: [ app_begin ] --START--
INFO: Run Behavior\ReadHtmlCacheBehavior [ RunTime:0.027069s ]
INFO: Run Behavior\CheckLangBehavior [ RunTime:0.073376s ]
INFO: [ app_begin ] --END-- [ RunTime:0.105864s ]
NOTIC: [8] Undefined index: user_id D:\tools\upupw\htdocs\ll\application\Other\Controller\MessageController.class.php 第 72 行.
NOTIC: [8] Undefined index: type D:\tools\upupw\htdocs\ll\application\Other\Controller\MessageController.class.php 第 73 行.

[ 2017-06-29T09:48:50+08:00 ] ::1 /ll/index.php?g=Other&m=message&a=add_post
INFO: [ app_begin ] --START--
INFO: Run Behavior\ReadHtmlCacheBehavior [ RunTime:0.030140s ]
INFO: Run Behavior\CheckLangBehavior [ RunTime:0.067607s ]
INFO: [ app_begin ] --END-- [ RunTime:0.102701s ]
NOTIC: [8] Undefined index: user_id D:\tools\upupw\htdocs\ll\application\Other\Controller\MessageController.class.php 第 72 行.
SQL: SHOW COLUMNS FROM `lailong_intention` [ RunTime:0.0250s ]
SQL: SELECT `user_id` FROM `lailong_intention` WHERE ( course_id = 5 ) LIMIT 1   [ RunTime:0.0010s ]
NOTIC: [8] Use of undefined constant user_id - assumed 'user_id' D:\tools\upupw\htdocs\ll\application\Other\Controller\MessageController.class.php 第 147 行.
NOTIC: [8] Use of undefined constant user_id - assumed 'user_id' D:\tools\upupw\htdocs\ll\application\Other\Controller\MessageController.class.php 第 154 行.
SQL: SHOW COLUMNS FROM `lailong_news` [ RunTime:0.0143s ]
ERR: 1048:Column 'user_id' cannot be null
 [ SQL语句 ] : INSERT INTO `lailong_news` (`title`,`type`,`icon`,`course_id`,`content`,`user_id`,`createtime`) VALUES ('as','2','149870085259545c346c59e.jpg','5','asd',NULL,'2017-06-29 09:48:50')
ERR: 1048:Column 'user_id' cannot be null
 [ SQL语句 ] : INSERT INTO `lailong_news` (`title`,`type`,`icon`,`course_id`,`content`,`user_id`,`createtime`) VALUES ('as','2','149870085259545c346c59e.jpg','5','asd',NULL,'2017-06-29 09:48:50')

[ 2017-06-29T09:53:13+08:00 ] ::1 /ll/index.php?g=Other&m=message&a=add_post
INFO: [ app_begin ] --START--
INFO: Run Behavior\ReadHtmlCacheBehavior [ RunTime:0.018695s ]
INFO: Run Behavior\CheckLangBehavior [ RunTime:0.051478s ]
INFO: [ app_begin ] --END-- [ RunTime:0.073573s ]
NOTIC: [8] Undefined index: user_id D:\tools\upupw\htdocs\ll\application\Other\Controller\MessageController.class.php 第 72 行.
NOTIC: [8] Undefined index: type D:\tools\upupw\htdocs\ll\application\Other\Controller\MessageController.class.php 第 73 行.

[ 2017-06-29T09:53:17+08:00 ] ::1 /ll/index.php?g=Other&m=message&a=add_post
INFO: [ app_begin ] --START--
INFO: Run Behavior\ReadHtmlCacheBehavior [ RunTime:0.027520s ]
INFO: Run Behavior\CheckLangBehavior [ RunTime:0.072681s ]
INFO: [ app_begin ] --END-- [ RunTime:0.105676s ]
NOTIC: [8] Undefined index: user_id D:\tools\upupw\htdocs\ll\application\Other\Controller\MessageController.class.php 第 72 行.
NOTIC: [8] Undefined index: type D:\tools\upupw\htdocs\ll\application\Other\Controller\MessageController.class.php 第 73 行.

[ 2017-06-29T09:53:21+08:00 ] ::1 /ll/index.php?g=Other&m=message&a=add_post
INFO: [ app_begin ] --START--
INFO: Run Behavior\ReadHtmlCacheBehavior [ RunTime:0.027377s ]
INFO: Run Behavior\CheckLangBehavior [ RunTime:0.075498s ]
INFO: [ app_begin ] --END-- [ RunTime:0.108517s ]
NOTIC: [8] Undefined index: user_id D:\tools\upupw\htdocs\ll\application\Other\Controller\MessageController.class.php 第 72 行.
NOTIC: [8] Undefined index: type D:\tools\upupw\htdocs\ll\application\Other\Controller\MessageController.class.php 第 73 行.

[ 2017-06-29T09:53:26+08:00 ] ::1 /ll/index.php?g=Other&m=message&a=add_post
INFO: [ app_begin ] --START--
INFO: Run Behavior\ReadHtmlCacheBehavior [ RunTime:0.028331s ]
INFO: Run Behavior\CheckLangBehavior [ RunTime:0.075322s ]
INFO: [ app_begin ] --END-- [ RunTime:0.108442s ]
NOTIC: [8] Undefined index: user_id D:\tools\upupw\htdocs\ll\application\Other\Controller\MessageController.class.php 第 72 行.
SQL: SHOW COLUMNS FROM `lailong_intention` [ RunTime:0.0163s ]
SQL: SELECT `user_id` FROM `lailong_intention` WHERE ( course_id = 5 ) LIMIT 1   [ RunTime:0.0006s ]
NOTIC: [8] Use of undefined constant user_id - assumed 'user_id' D:\tools\upupw\htdocs\ll\application\Other\Controller\MessageController.class.php 第 147 行.

