[ 2017-06-30T13:08:32+08:00 ] ::1 /ll/index.php?g=Order&m=order&a=agreecancelornot
INFO: [ app_begin ] --START--
INFO: Run Behavior\ReadHtmlCacheBehavior [ RunTime:0.025591s ]
INFO: Run Behavior\CheckLangBehavior [ RunTime:0.074759s ]
INFO: [ app_begin ] --END-- [ RunTime:0.105491s ]
SQL: SHOW COLUMNS FROM `lailong_enrollment` [ RunTime:0.0205s ]
SQL: UPDATE `lailong_enrollment` SET `cancel_state`='2',`state`='4' WHERE ( id = 1 ) [ RunTime:0.0008s ]
SQL: SELECT `user_id`,`integral` FROM `lailong_enrollment` WHERE ( id = 1 ) LIMIT 1   [ RunTime:0.0005s ]
SQL: SHOW COLUMNS FROM `lailong_user` [ RunTime:0.0134s ]
SQL: SELECT `id`,`integral` FROM `lailong_user` WHERE (  id = '1'  ) LIMIT 1   [ RunTime:0.0006s ]
SQL: SHOW COLUMNS FROM `lailong_course` [ RunTime:0.0138s ]
NOTIC: [8] Undefined index: course_id D:\tools\upupw\htdocs\ll\application\Order\Controller\OrderController.class.php 第 186 行.
SQL: SELECT `title` FROM `lailong_course` WHERE (  id = ''  ) LIMIT 1   [ RunTime:0.0005s ]
SQL: UPDATE `lailong_user` SET `integral`='1213' WHERE `id` = 1 [ RunTime:0.0009s ]
SQL: SHOW COLUMNS FROM `lailong_integral` [ RunTime:0.0157s ]
SQL: INSERT INTO `lailong_integral` (`user_id`,`obtain_type`,`is_obtain`,`integral`,`createtime`,`content`) VALUES ('1','5','1','1000','2017-06-30 13:08:32','取消报名\'\',退还积分1000') [ RunTime:0.0010s ]

[ 2017-06-30T17:52:24+08:00 ] ::1 /ll/index.php?g=Order&m=Order&a=weixinorderlist&menuid=193
ERR: 1054:Unknown column 'o.user_id' in 'on clause'
 [ SQL语句 ] : SELECT COUNT(*) AS tp_count FROM lailong_order o  left join lailong_user u on u.id=o.user_id   WHERE ( 1=1 ) LIMIT 1  

[ 2017-06-30T21:26:34+08:00 ] ::1 /ll/index.php?g=Order&m=order&a=change
INFO: [ app_begin ] --START--
INFO: Run Behavior\ReadHtmlCacheBehavior [ RunTime:0.032425s ]
INFO: Run Behavior\CheckLangBehavior [ RunTime:0.076013s ]
INFO: [ app_begin ] --END-- [ RunTime:0.112917s ]
SQL: SHOW COLUMNS FROM `lailong_enrollment` [ RunTime:0.0213s ]
SQL: UPDATE `lailong_enrollment` SET `state`='3' WHERE `id` = 1 [ RunTime:0.0007s ]
INFO: [ app_end ] --START--
INFO: Run Behavior\ShowPageTraceBehavior [ RunTime:0.025399s ]
INFO: [ app_end ] --END-- [ RunTime:0.025543s ]

