[ 2017-07-04T09:24:35+08:00 ] ::1 /ll/index.php?g=Order&m=order&a=changestate
INFO: [ app_begin ] --START--
INFO: Run Behavior\ReadHtmlCacheBehavior [ RunTime:0.026310s ]
INFO: Run Behavior\CheckLangBehavior [ RunTime:0.069894s ]
INFO: [ app_begin ] --END-- [ RunTime:0.103649s ]
SQL: SHOW COLUMNS FROM `lailong_enrollment` [ RunTime:0.0203s ]
SQL: SELECT * FROM `lailong_enrollment` WHERE ( id= 112 ) LIMIT 1   [ RunTime:0.0007s ]
SQL: UPDATE `lailong_enrollment` SET `note`='|订单取消中，取消理由为：22' WHERE ( id= 112 ) [ RunTime:0.0007s ]
SQL: SELECT * FROM `lailong_enrollment` WHERE (  id ='112' ) LIMIT 1   [ RunTime:0.0006s ]
SQL: SHOW COLUMNS FROM `lailong_course` [ RunTime:0.0147s ]
SQL: SELECT `title` FROM `lailong_course` WHERE ( id = '10'  ) LIMIT 1   [ RunTime:0.0005s ]
SQL: SHOW COLUMNS FROM `lailong_integral` [ RunTime:0.0132s ]
SQL: INSERT INTO `lailong_integral` (`user_id`,`obtain_type`,`is_obtain`,`integral`,`createtime`,`content`) VALUES ('52','5','1','234','2017-07-04 09:24:35','取消报名\'来龙教育\',退还积分') [ RunTime:0.0019s ]
SQL: SHOW COLUMNS FROM `lailong_user` [ RunTime:0.0151s ]
SQL: SELECT * FROM `lailong_user` WHERE (  id = '52' ) LIMIT 1   [ RunTime:0.0007s ]

[ 2017-07-04T09:25:37+08:00 ] ::1 /ll/index.php?g=Order&m=order&a=changestate
INFO: [ app_begin ] --START--
INFO: Run Behavior\ReadHtmlCacheBehavior [ RunTime:0.024973s ]
INFO: Run Behavior\CheckLangBehavior [ RunTime:0.075291s ]
INFO: [ app_begin ] --END-- [ RunTime:0.105066s ]
SQL: SHOW COLUMNS FROM `lailong_enrollment` [ RunTime:0.0206s ]
SQL: SELECT * FROM `lailong_enrollment` WHERE ( id= 117 ) LIMIT 1   [ RunTime:0.0007s ]
SQL: UPDATE `lailong_enrollment` SET `note`='|订单取消中，取消理由为：22' WHERE ( id= 117 ) [ RunTime:0.0007s ]
SQL: SELECT * FROM `lailong_enrollment` WHERE (  id ='117' ) LIMIT 1   [ RunTime:0.0006s ]
SQL: SHOW COLUMNS FROM `lailong_course` [ RunTime:0.0149s ]
SQL: SELECT `title` FROM `lailong_course` WHERE ( id = '14'  ) LIMIT 1   [ RunTime:0.0009s ]
SQL: SHOW COLUMNS FROM `lailong_integral` [ RunTime:0.0164s ]
SQL: INSERT INTO `lailong_integral` (`user_id`,`obtain_type`,`is_obtain`,`integral`,`createtime`,`content`) VALUES ('3','5','1','10','2017-07-04 09:25:37','取消报名\'二年级语文\',退还积分') [ RunTime:0.0009s ]
SQL: SHOW COLUMNS FROM `lailong_user` [ RunTime:0.0137s ]
SQL: SELECT * FROM `lailong_user` WHERE (  id = '3' ) LIMIT 1   [ RunTime:0.0006s ]
SQL: UPDATE `lailong_user` SET `integral`='1010' WHERE `id` = 3 [ RunTime:0.0007s ]
SQL: UPDATE `lailong_enrollment` SET `state`='4' WHERE ( id= 117 ) [ RunTime:0.0006s ]
SQL: SHOW COLUMNS FROM `lailong_enrollment_state` [ RunTime:0.0139s ]
SQL: INSERT INTO `lailong_enrollment_state` (`enrollment_id`,`state`,`state_text`,`createtime`) VALUES ('117','4','订单已取消','2017-07-04 09:25:37') [ RunTime:0.0014s ]

[ 2017-07-04T09:30:35+08:00 ] ::1 /ll/index.php?g=Order&m=order&a=agreecancelornot
INFO: [ app_begin ] --START--
INFO: Run Behavior\ReadHtmlCacheBehavior [ RunTime:0.028948s ]
INFO: Run Behavior\CheckLangBehavior [ RunTime:0.066718s ]
INFO: [ app_begin ] --END-- [ RunTime:0.100558s ]
SQL: SHOW COLUMNS FROM `lailong_enrollment` [ RunTime:0.0205s ]
SQL: UPDATE `lailong_enrollment` SET `cancel_state`='2',`state`='4' WHERE ( id = 117 ) [ RunTime:0.0008s ]
SQL: SHOW COLUMNS FROM `lailong_enrollment_state` [ RunTime:0.0142s ]
SQL: INSERT INTO `lailong_enrollment_state` (`enrollment_id`,`state`,`state_text`,`createtime`) VALUES ('117','4','订单已取消','2017-07-04 09:30:35') [ RunTime:0.0006s ]
SQL: SELECT `user_id`,`integral` FROM `lailong_enrollment` WHERE ( id = 117 ) LIMIT 1   [ RunTime:0.0005s ]
SQL: SHOW COLUMNS FROM `lailong_user` [ RunTime:0.0132s ]
SQL: SELECT `id`,`integral` FROM `lailong_user` WHERE (  id = '3'  ) LIMIT 1   [ RunTime:0.0005s ]
SQL: SHOW COLUMNS FROM `lailong_course` [ RunTime:0.0158s ]
NOTIC: [8] Undefined index: course_id D:\tools\upupw\htdocs\ll\application\Order\Controller\OrderController.class.php 第 216 行.
SQL: SELECT `title` FROM `lailong_course` WHERE (  id = ''  ) LIMIT 1   [ RunTime:0.0005s ]
SQL: UPDATE `lailong_user` SET `integral`='1020' WHERE `id` = 3 [ RunTime:0.0006s ]
SQL: SHOW COLUMNS FROM `lailong_integral` [ RunTime:0.0158s ]
SQL: INSERT INTO `lailong_integral` (`user_id`,`obtain_type`,`is_obtain`,`integral`,`createtime`,`content`) VALUES ('3','5','1','10','2017-07-04 09:30:35','取消报名\'\',退还积分10') [ RunTime:0.0006s ]

[ 2017-07-04T09:48:44+08:00 ] ::1 /ll/index.php?g=Order&m=order&a=agreecancelornot
INFO: [ app_begin ] --START--
INFO: Run Behavior\ReadHtmlCacheBehavior [ RunTime:0.027312s ]
INFO: Run Behavior\CheckLangBehavior [ RunTime:0.076499s ]
INFO: [ app_begin ] --END-- [ RunTime:0.108333s ]
SQL: SHOW COLUMNS FROM `lailong_enrollment` [ RunTime:0.0204s ]
SQL: UPDATE `lailong_enrollment` SET `cancel_state`='2' WHERE ( id = 117 ) [ RunTime:0.0010s ]
SQL: SHOW COLUMNS FROM `lailong_enrollment_state` [ RunTime:0.0133s ]
SQL: INSERT INTO `lailong_enrollment_state` (`enrollment_id`,`state`,`state_text`,`createtime`) VALUES ('117','1','取消申请拒绝，备注：看你不爽','2017-07-04 09:48:44') [ RunTime:0.0007s ]

[ 2017-07-04T17:12:46+08:00 ] ::1 /ll/index.php?g=Order&m=order&a=changestate
INFO: [ app_begin ] --START--
INFO: Run Behavior\ReadHtmlCacheBehavior [ RunTime:0.042492s ]
INFO: Run Behavior\CheckLangBehavior [ RunTime:0.101258s ]
INFO: [ app_begin ] --END-- [ RunTime:0.148231s ]
SQL: SHOW COLUMNS FROM `lailong_enrollment` [ RunTime:0.0273s ]
SQL: SELECT * FROM `lailong_enrollment` WHERE ( id= 117 ) LIMIT 1   [ RunTime:0.0010s ]
SQL: UPDATE `lailong_enrollment` SET `note`='|订单取消中，取消理由为：ds' WHERE ( id= 117 ) [ RunTime:0.0011s ]
SQL: SELECT * FROM `lailong_enrollment` WHERE (  id ='117' ) LIMIT 1   [ RunTime:0.0010s ]
SQL: SHOW COLUMNS FROM `lailong_course` [ RunTime:0.0215s ]
SQL: SELECT `title` FROM `lailong_course` WHERE ( id = '14'  ) LIMIT 1   [ RunTime:0.0006s ]
SQL: SHOW COLUMNS FROM `lailong_integral` [ RunTime:0.0219s ]
SQL: INSERT INTO `lailong_integral` (`user_id`,`obtain_type`,`is_obtain`,`integral`,`createtime`,`content`) VALUES ('3','5','1','10','2017-07-04 17:12:46','取消报名\'二年级语文\',退还积分') [ RunTime:0.0009s ]
SQL: SHOW COLUMNS FROM `lailong_user` [ RunTime:0.0242s ]
SQL: SELECT * FROM `lailong_user` WHERE (  id = '3' ) LIMIT 1   [ RunTime:0.0009s ]
SQL: UPDATE `lailong_user` SET `integral`='1030' WHERE `id` = 3 [ RunTime:0.0028s ]
SQL: UPDATE `lailong_enrollment` SET `state`='4' WHERE ( id= 117 ) [ RunTime:0.0008s ]
SQL: SHOW COLUMNS FROM `lailong_enrollment_state` [ RunTime:0.0206s ]
SQL: INSERT INTO `lailong_enrollment_state` (`enrollment_id`,`state`,`state_text`,`createtime`) VALUES ('117','4','订单已取消','2017-07-04 17:12:46') [ RunTime:0.0009s ]

