[ 2017-06-21T16:26:38+08:00 ] ::1 /ll/index.php?g=Classtypes&m=Textbook&a=add_post
INFO: [ app_begin ] --START--
INFO: Run Behavior\ReadHtmlCacheBehavior [ RunTime:0.027063s ]
INFO: Run Behavior\CheckLangBehavior [ RunTime:0.057873s ]
INFO: [ app_begin ] --END-- [ RunTime:0.089510s ]
SQL: SHOW COLUMNS FROM `lailong_textbook` [ RunTime:0.0207s ]
NOTIC: [8] Undefined index: validate D:\tools\upupw\htdocs\ll\simplewind\Core\Library\Think\Model.class.php 第 1185 行.
NOTIC: [8] Undefined index: auto D:\tools\upupw\htdocs\ll\simplewind\Core\Library\Think\Model.class.php 第 1128 行.
SQL: INSERT INTO `lailong_textbook` (`subject`,`press`,`grade`,`updatetime`,`createtime`) VALUES ('测试','123','123','2017-06-21 16:26:37','2017-06-21 16:26:37') [ RunTime:0.0031s ]

[ 2017-06-21T16:56:46+08:00 ] ::1 /ll/index.php?g=Classtypes&m=Textbook&a=add_post
INFO: [ app_begin ] --START--
INFO: Run Behavior\ReadHtmlCacheBehavior [ RunTime:0.025554s ]
INFO: Run Behavior\CheckLangBehavior [ RunTime:0.066743s ]
INFO: [ app_begin ] --END-- [ RunTime:0.097136s ]
SQL: SHOW COLUMNS FROM `lailong_textbook` [ RunTime:0.0207s ]
NOTIC: [8] Undefined index: validate D:\tools\upupw\htdocs\ll\simplewind\Core\Library\Think\Model.class.php 第 1185 行.
NOTIC: [8] Undefined index: auto D:\tools\upupw\htdocs\ll\simplewind\Core\Library\Think\Model.class.php 第 1128 行.
SQL: INSERT INTO `lailong_textbook` (`subject`,`press`,`grade`,`updatetime`,`createtime`) VALUES ('3','测1','222','2017-06-21 16:56:45','2017-06-21 16:56:45') [ RunTime:0.0008s ]

[ 2017-06-21T17:28:33+08:00 ] ::1 /ll/index.php?g=Classtypes&m=Textbook&a=edit_post
INFO: [ app_begin ] --START--
INFO: Run Behavior\ReadHtmlCacheBehavior [ RunTime:0.027355s ]
INFO: Run Behavior\CheckLangBehavior [ RunTime:0.064204s ]
INFO: [ app_begin ] --END-- [ RunTime:0.096177s ]
SQL: SHOW COLUMNS FROM `lailong_subject` [ RunTime:0.0266s ]
ERR: 1054:Unknown column 'subject' in 'where clause'
 [ SQL语句 ] : SELECT * FROM `lailong_subject` WHERE (  subject = '5125125'  ) LIMIT 1  
ERR: 1054:Unknown column 'subject' in 'where clause'
 [ SQL语句 ] : SELECT * FROM `lailong_subject` WHERE (  subject = '5125125'  ) LIMIT 1  

[ 2017-06-21T17:29:40+08:00 ] ::1 /ll/index.php?g=Classtypes&m=Textbook&a=edit_post
INFO: [ app_begin ] --START--
INFO: Run Behavior\ReadHtmlCacheBehavior [ RunTime:0.026949s ]
INFO: Run Behavior\CheckLangBehavior [ RunTime:0.070362s ]
INFO: [ app_begin ] --END-- [ RunTime:0.102129s ]
SQL: SHOW COLUMNS FROM `lailong_subject` [ RunTime:0.0199s ]
SQL: SELECT * FROM `lailong_subject` WHERE (  title = '4124124'  ) LIMIT 1   [ RunTime:0.0006s ]
SQL: INSERT INTO `lailong_subject` (`createtime`) VALUES ('2017-06-21 17:29:40') [ RunTime:0.0014s ]
SQL: SHOW COLUMNS FROM `lailong_press` [ RunTime:0.0162s ]
SQL: SELECT * FROM `lailong_press` WHERE (  title = '12412412'  ) LIMIT 1   [ RunTime:0.0009s ]
SQL: INSERT INTO `lailong_press` (`createtime`) VALUES ('2017-06-21 17:29:40') [ RunTime:0.0014s ]
SQL: SHOW COLUMNS FROM `lailong_grade` [ RunTime:0.0149s ]
SQL: SELECT * FROM `lailong_grade` WHERE (  title = '124124'  ) LIMIT 1   [ RunTime:0.0006s ]
SQL: INSERT INTO `lailong_grade` (`createtime`) VALUES ('2017-06-21 17:29:40') [ RunTime:0.0008s ]
SQL: SHOW COLUMNS FROM `lailong_textbook` [ RunTime:0.0142s ]

[ 2017-06-21T17:30:29+08:00 ] ::1 /ll/index.php?g=Classtypes&m=Textbook&a=edit_post
INFO: [ app_begin ] --START--
INFO: Run Behavior\ReadHtmlCacheBehavior [ RunTime:0.023102s ]
INFO: Run Behavior\CheckLangBehavior [ RunTime:0.056818s ]
INFO: [ app_begin ] --END-- [ RunTime:0.084879s ]
SQL: SHOW COLUMNS FROM `lailong_subject` [ RunTime:0.0224s ]
SQL: SELECT * FROM `lailong_subject` WHERE (  title = '3123'  ) LIMIT 1   [ RunTime:0.0006s ]
SQL: INSERT INTO `lailong_subject` (`createtime`) VALUES ('2017-06-21 17:30:29') [ RunTime:0.0006s ]
SQL: SHOW COLUMNS FROM `lailong_press` [ RunTime:0.0155s ]
SQL: SELECT * FROM `lailong_press` WHERE (  title = '测13123'  ) LIMIT 1   [ RunTime:0.0006s ]
SQL: INSERT INTO `lailong_press` (`createtime`) VALUES ('2017-06-21 17:30:29') [ RunTime:0.0025s ]
SQL: SHOW COLUMNS FROM `lailong_grade` [ RunTime:0.0155s ]
SQL: SELECT * FROM `lailong_grade` WHERE (  title = '222123'  ) LIMIT 1   [ RunTime:0.0006s ]
SQL: INSERT INTO `lailong_grade` (`createtime`) VALUES ('2017-06-21 17:30:29') [ RunTime:0.0007s ]
SQL: SHOW COLUMNS FROM `lailong_textbook` [ RunTime:0.0249s ]

[ 2017-06-21T17:31:50+08:00 ] ::1 /ll/index.php?g=Classtypes&m=Textbook&a=edit_post
INFO: [ app_begin ] --START--
INFO: Run Behavior\ReadHtmlCacheBehavior [ RunTime:0.036565s ]
INFO: Run Behavior\CheckLangBehavior [ RunTime:0.059968s ]
INFO: [ app_begin ] --END-- [ RunTime:0.100581s ]
SQL: SHOW COLUMNS FROM `lailong_subject` [ RunTime:0.0204s ]
SQL: SELECT * FROM `lailong_subject` WHERE (  title = '341241'  ) LIMIT 1   [ RunTime:0.0006s ]
SQL: INSERT INTO `lailong_subject` (`createtime`) VALUES ('2017-06-21 17:31:50') [ RunTime:0.0006s ]
SQL: SHOW COLUMNS FROM `lailong_press` [ RunTime:0.0114s ]
SQL: SELECT * FROM `lailong_press` WHERE (  title = '测1214124'  ) LIMIT 1   [ RunTime:0.0005s ]
SQL: INSERT INTO `lailong_press` (`createtime`) VALUES ('2017-06-21 17:31:50') [ RunTime:0.0005s ]
SQL: SHOW COLUMNS FROM `lailong_grade` [ RunTime:0.0125s ]
SQL: SELECT * FROM `lailong_grade` WHERE (  title = '222214'  ) LIMIT 1   [ RunTime:0.0005s ]
SQL: INSERT INTO `lailong_grade` (`createtime`) VALUES ('2017-06-21 17:31:50') [ RunTime:0.0006s ]
SQL: SHOW COLUMNS FROM `lailong_textbook` [ RunTime:0.0134s ]

[ 2017-06-21T17:32:47+08:00 ] ::1 /ll/index.php?g=Classtypes&m=Textbook&a=edit_post
INFO: [ app_begin ] --START--
INFO: Run Behavior\ReadHtmlCacheBehavior [ RunTime:0.026639s ]
INFO: Run Behavior\CheckLangBehavior [ RunTime:0.065911s ]
INFO: [ app_begin ] --END-- [ RunTime:0.097528s ]
SQL: SHOW COLUMNS FROM `lailong_subject` [ RunTime:0.0204s ]
SQL: SELECT * FROM `lailong_subject` WHERE (  title = '34124'  ) LIMIT 1   [ RunTime:0.0006s ]
SQL: INSERT INTO `lailong_subject` (`createtime`) VALUES ('2017-06-21 17:32:47') [ RunTime:0.0006s ]
SQL: SHOW COLUMNS FROM `lailong_press` [ RunTime:0.0132s ]
SQL: SELECT * FROM `lailong_press` WHERE (  title = '测141241241'  ) LIMIT 1   [ RunTime:0.0006s ]
SQL: INSERT INTO `lailong_press` (`createtime`) VALUES ('2017-06-21 17:32:47') [ RunTime:0.0006s ]
SQL: SHOW COLUMNS FROM `lailong_grade` [ RunTime:0.0130s ]
SQL: SELECT * FROM `lailong_grade` WHERE (  title = '22224124'  ) LIMIT 1   [ RunTime:0.0007s ]
SQL: INSERT INTO `lailong_grade` (`createtime`) VALUES ('2017-06-21 17:32:47') [ RunTime:0.0006s ]
SQL: SHOW COLUMNS FROM `lailong_textbook` [ RunTime:0.0136s ]

[ 2017-06-21T17:33:32+08:00 ] ::1 /ll/index.php?g=Classtypes&m=Textbook&a=edit_post
INFO: [ app_begin ] --START--
INFO: Run Behavior\ReadHtmlCacheBehavior [ RunTime:0.025662s ]
INFO: Run Behavior\CheckLangBehavior [ RunTime:0.057775s ]
INFO: [ app_begin ] --END-- [ RunTime:0.088057s ]
SQL: SHOW COLUMNS FROM `lailong_subject` [ RunTime:0.0200s ]
SQL: SELECT * FROM `lailong_subject` WHERE (  title = '34214'  ) LIMIT 1   [ RunTime:0.0006s ]
SQL: INSERT INTO `lailong_subject` (`createtime`) VALUES ('2017-06-21 17:33:32') [ RunTime:0.0007s ]
SQL: SHOW COLUMNS FROM `lailong_press` [ RunTime:0.0129s ]
SQL: SELECT * FROM `lailong_press` WHERE (  title = '测14214124'  ) LIMIT 1   [ RunTime:0.0005s ]
SQL: INSERT INTO `lailong_press` (`createtime`) VALUES ('2017-06-21 17:33:32') [ RunTime:0.0006s ]
SQL: SHOW COLUMNS FROM `lailong_grade` [ RunTime:0.0132s ]
SQL: SELECT * FROM `lailong_grade` WHERE (  title = '222124124'  ) LIMIT 1   [ RunTime:0.0006s ]
SQL: INSERT INTO `lailong_grade` (`createtime`) VALUES ('2017-06-21 17:33:32') [ RunTime:0.0006s ]
SQL: SHOW COLUMNS FROM `lailong_textbook` [ RunTime:0.0146s ]

[ 2017-06-21T17:35:10+08:00 ] ::1 /ll/index.php?g=Classtypes&m=Textbook&a=edit_post
INFO: [ app_begin ] --START--
INFO: Run Behavior\ReadHtmlCacheBehavior [ RunTime:0.027682s ]
INFO: Run Behavior\CheckLangBehavior [ RunTime:0.069114s ]
INFO: [ app_begin ] --END-- [ RunTime:0.101769s ]
SQL: SHOW COLUMNS FROM `lailong_subject` [ RunTime:0.0204s ]
SQL: SELECT * FROM `lailong_subject` WHERE (  title = '213'  ) LIMIT 1   [ RunTime:0.0006s ]
SQL: INSERT INTO `lailong_subject` (`createtime`) VALUES ('2017-06-21 17:35:10') [ RunTime:0.0006s ]
SQL: SHOW COLUMNS FROM `lailong_press` [ RunTime:0.0132s ]
SQL: SELECT * FROM `lailong_press` WHERE (  title = '测123'  ) LIMIT 1   [ RunTime:0.0005s ]
SQL: INSERT INTO `lailong_press` (`createtime`) VALUES ('2017-06-21 17:35:10') [ RunTime:0.0006s ]
SQL: SHOW COLUMNS FROM `lailong_grade` [ RunTime:0.0130s ]
SQL: SELECT * FROM `lailong_grade` WHERE (  title = '222123'  ) LIMIT 1   [ RunTime:0.0005s ]
SQL: INSERT INTO `lailong_grade` (`createtime`) VALUES ('2017-06-21 17:35:10') [ RunTime:0.0006s ]

[ 2017-06-21T17:36:27+08:00 ] ::1 /ll/index.php?g=Classtypes&m=Textbook&a=edit_post
INFO: [ app_begin ] --START--
INFO: Run Behavior\ReadHtmlCacheBehavior [ RunTime:0.030950s ]
INFO: Run Behavior\CheckLangBehavior [ RunTime:0.063291s ]
INFO: [ app_begin ] --END-- [ RunTime:0.099024s ]
SQL: SHOW COLUMNS FROM `lailong_subject` [ RunTime:0.0225s ]
SQL: SELECT * FROM `lailong_subject` WHERE (  title = '想学的'  ) LIMIT 1   [ RunTime:0.0006s ]
SQL: INSERT INTO `lailong_subject` (`createtime`) VALUES ('2017-06-21 17:36:27') [ RunTime:0.0007s ]
SQL: SHOW COLUMNS FROM `lailong_press` [ RunTime:0.0160s ]
SQL: SELECT * FROM `lailong_press` WHERE (  title = '阿什'  ) LIMIT 1   [ RunTime:0.0006s ]
SQL: INSERT INTO `lailong_press` (`createtime`) VALUES ('2017-06-21 17:36:27') [ RunTime:0.0008s ]
SQL: SHOW COLUMNS FROM `lailong_grade` [ RunTime:0.0134s ]
SQL: SELECT * FROM `lailong_grade` WHERE (  title = '网哈桑'  ) LIMIT 1   [ RunTime:0.0005s ]
SQL: INSERT INTO `lailong_grade` (`createtime`) VALUES ('2017-06-21 17:36:27') [ RunTime:0.0008s ]
SQL: SHOW COLUMNS FROM `lailong_textbook` [ RunTime:0.0195s ]
SQL: UPDATE `lailong_textbook` SET `subject`='想学的',`press`='阿什',`grade`='网哈桑',`updatetime`='2017-06-21 17:36:27' WHERE `id` = 10 [ RunTime:0.0013s ]

[ 2017-06-21T17:39:07+08:00 ] ::1 /ll/index.php?g=Classtypes&m=Textbook&a=edit_post
INFO: [ app_begin ] --START--
INFO: Run Behavior\ReadHtmlCacheBehavior [ RunTime:0.034493s ]
INFO: Run Behavior\CheckLangBehavior [ RunTime:0.083917s ]
INFO: [ app_begin ] --END-- [ RunTime:0.123097s ]
SQL: SHOW COLUMNS FROM `lailong_subject` [ RunTime:0.0159s ]
SQL: SELECT * FROM `lailong_subject` WHERE (  title = '312355125125'  ) LIMIT 1   [ RunTime:0.0007s ]
SQL: INSERT INTO `lailong_subject` (`title`,`createtime`) VALUES ('312355125125','2017-06-21 17:39:07') [ RunTime:0.0007s ]
SQL: SHOW COLUMNS FROM `lailong_press` [ RunTime:0.0156s ]
SQL: SELECT * FROM `lailong_press` WHERE (  title = '3123'  ) LIMIT 1   [ RunTime:0.0007s ]
SQL: INSERT INTO `lailong_press` (`title`,`createtime`) VALUES ('3123','2017-06-21 17:39:07') [ RunTime:0.0007s ]
SQL: SHOW COLUMNS FROM `lailong_grade` [ RunTime:0.0162s ]
SQL: SELECT * FROM `lailong_grade` WHERE (  title = '3123'  ) LIMIT 1   [ RunTime:0.0007s ]
SQL: INSERT INTO `lailong_grade` (`title`,`createtime`) VALUES ('3123','2017-06-21 17:39:07') [ RunTime:0.0010s ]
SQL: SHOW COLUMNS FROM `lailong_textbook` [ RunTime:0.0145s ]
SQL: UPDATE `lailong_textbook` SET `subject`='312355125125',`press`='3123',`grade`='3123',`updatetime`='2017-06-21 17:39:07' WHERE `id` = 10 [ RunTime:0.0009s ]
INFO: [ app_end ] --START--
INFO: Run Behavior\ShowPageTraceBehavior [ RunTime:0.037941s ]
INFO: [ app_end ] --END-- [ RunTime:0.038104s ]

[ 2017-06-21T17:40:47+08:00 ] ::1 /ll/index.php?g=Classtypes&m=Textbook&a=edit_post
INFO: [ app_begin ] --START--
INFO: Run Behavior\ReadHtmlCacheBehavior [ RunTime:0.025337s ]
INFO: Run Behavior\CheckLangBehavior [ RunTime:0.060750s ]
INFO: [ app_begin ] --END-- [ RunTime:0.090948s ]
SQL: SHOW COLUMNS FROM `lailong_subject` [ RunTime:0.0200s ]
SQL: SELECT * FROM `lailong_subject` WHERE (  title = '412'  ) LIMIT 1   [ RunTime:0.0006s ]
SQL: INSERT INTO `lailong_subject` (`title`,`createtime`) VALUES ('412','2017-06-21 17:40:47') [ RunTime:0.0007s ]
SQL: SHOW COLUMNS FROM `lailong_press` [ RunTime:0.0137s ]
SQL: SELECT * FROM `lailong_press` WHERE (  title = '412'  ) LIMIT 1   [ RunTime:0.0007s ]
SQL: INSERT INTO `lailong_press` (`title`,`createtime`) VALUES ('412','2017-06-21 17:40:47') [ RunTime:0.0008s ]
SQL: SHOW COLUMNS FROM `lailong_grade` [ RunTime:0.0137s ]
SQL: SELECT * FROM `lailong_grade` WHERE (  title = '214'  ) LIMIT 1   [ RunTime:0.0006s ]
SQL: INSERT INTO `lailong_grade` (`title`,`createtime`) VALUES ('412','2017-06-21 17:40:47') [ RunTime:0.0006s ]
SQL: SHOW COLUMNS FROM `lailong_textbook` [ RunTime:0.0137s ]
SQL: UPDATE `lailong_textbook` SET `subject`='412',`press`='412',`grade`='214',`updatetime`='2017-06-21 17:40:47' WHERE `id` = 10 [ RunTime:0.0007s ]
INFO: [ app_end ] --START--
INFO: Run Behavior\ShowPageTraceBehavior [ RunTime:0.028901s ]
INFO: [ app_end ] --END-- [ RunTime:0.029040s ]

[ 2017-06-21T17:49:01+08:00 ] ::1 /ll/index.php?g=Classtypes&m=Textbook&a=edit_post
INFO: [ app_begin ] --START--
INFO: Run Behavior\ReadHtmlCacheBehavior [ RunTime:0.033457s ]
INFO: Run Behavior\CheckLangBehavior [ RunTime:0.068542s ]
INFO: [ app_begin ] --END-- [ RunTime:0.108711s ]
SQL: SHOW COLUMNS FROM `lailong_subject` [ RunTime:0.0198s ]
SQL: SELECT * FROM `lailong_subject` WHERE (  title = '412213'  ) LIMIT 1   [ RunTime:0.0006s ]
SQL: INSERT INTO `lailong_subject` (`title`,`createtime`) VALUES ('412213','2017-06-21 17:49:01') [ RunTime:0.0007s ]
SQL: SHOW COLUMNS FROM `lailong_press` [ RunTime:0.0136s ]
SQL: SELECT * FROM `lailong_press` WHERE (  title = '412213'  ) LIMIT 1   [ RunTime:0.0006s ]
SQL: INSERT INTO `lailong_press` (`title`,`createtime`) VALUES ('412213','2017-06-21 17:49:01') [ RunTime:0.0009s ]
SQL: SHOW COLUMNS FROM `lailong_grade` [ RunTime:0.0146s ]
SQL: SELECT * FROM `lailong_grade` WHERE (  title = '21412'  ) LIMIT 1   [ RunTime:0.0007s ]
SQL: INSERT INTO `lailong_grade` (`title`,`createtime`) VALUES ('412213','2017-06-21 17:49:01') [ RunTime:0.0008s ]
SQL: SHOW COLUMNS FROM `lailong_textbook` [ RunTime:0.0147s ]
SQL: UPDATE `lailong_textbook` SET `subject`='412213',`press`='412213',`grade`='21412',`updatetime`='2017-06-21 17:49:01' WHERE `id` = 10 [ RunTime:0.0010s ]
INFO: [ app_end ] --START--
INFO: Run Behavior\ShowPageTraceBehavior [ RunTime:0.031652s ]
INFO: [ app_end ] --END-- [ RunTime:0.031822s ]

[ 2017-06-21T17:49:02+08:00 ] ::1 /ll/index.php?g=Classtypes&m=Textbook&a=edit_post
INFO: [ app_begin ] --START--
INFO: Run Behavior\ReadHtmlCacheBehavior [ RunTime:0.031301s ]
INFO: Run Behavior\CheckLangBehavior [ RunTime:0.071171s ]
INFO: [ app_begin ] --END-- [ RunTime:0.107062s ]
SQL: SHOW COLUMNS FROM `lailong_subject` [ RunTime:0.0224s ]
SQL: SELECT * FROM `lailong_subject` WHERE (  title = '412213'  ) LIMIT 1   [ RunTime:0.0006s ]
SQL: SHOW COLUMNS FROM `lailong_press` [ RunTime:0.0138s ]
SQL: SELECT * FROM `lailong_press` WHERE (  title = '412213'  ) LIMIT 1   [ RunTime:0.0006s ]
SQL: SHOW COLUMNS FROM `lailong_grade` [ RunTime:0.0151s ]
SQL: SELECT * FROM `lailong_grade` WHERE (  title = '21412'  ) LIMIT 1   [ RunTime:0.0008s ]
SQL: INSERT INTO `lailong_grade` (`title`,`createtime`) VALUES ('412213','2017-06-21 17:49:02') [ RunTime:0.0007s ]
SQL: SHOW COLUMNS FROM `lailong_textbook` [ RunTime:0.0213s ]
SQL: UPDATE `lailong_textbook` SET `subject`='412213',`press`='412213',`grade`='21412',`updatetime`='2017-06-21 17:49:02' WHERE `id` = 10 [ RunTime:0.0009s ]
INFO: [ app_end ] --START--
INFO: Run Behavior\ShowPageTraceBehavior [ RunTime:0.046125s ]
INFO: [ app_end ] --END-- [ RunTime:0.046358s ]

[ 2017-06-21T17:49:53+08:00 ] ::1 /ll/index.php?g=Classtypes&m=Textbook&a=edit_post
INFO: [ app_begin ] --START--
INFO: Run Behavior\ReadHtmlCacheBehavior [ RunTime:0.025605s ]
INFO: Run Behavior\CheckLangBehavior [ RunTime:0.059614s ]
INFO: [ app_begin ] --END-- [ RunTime:0.089796s ]
SQL: SHOW COLUMNS FROM `lailong_subject` [ RunTime:0.0198s ]
SQL: SELECT * FROM `lailong_subject` WHERE (  title = '412213214'  ) LIMIT 1   [ RunTime:0.0005s ]
SQL: INSERT INTO `lailong_subject` (`title`,`createtime`) VALUES ('412213214','2017-06-21 17:49:53') [ RunTime:0.0006s ]
SQL: SHOW COLUMNS FROM `lailong_press` [ RunTime:0.0131s ]
SQL: SELECT * FROM `lailong_press` WHERE (  title = '412213214'  ) LIMIT 1   [ RunTime:0.0005s ]
SQL: INSERT INTO `lailong_press` (`title`,`createtime`) VALUES ('412213214','2017-06-21 17:49:53') [ RunTime:0.0006s ]
SQL: SHOW COLUMNS FROM `lailong_grade` [ RunTime:0.0130s ]
SQL: SELECT * FROM `lailong_grade` WHERE (  title = '21412124'  ) LIMIT 1   [ RunTime:0.0005s ]
SQL: INSERT INTO `lailong_grade` (`title`,`createtime`) VALUES ('412213214','2017-06-21 17:49:53') [ RunTime:0.0006s ]
SQL: SHOW COLUMNS FROM `lailong_textbook` [ RunTime:0.0130s ]
SQL: UPDATE `lailong_textbook` SET `subject`='412213214',`press`='412213214',`grade`='21412124',`updatetime`='2017-06-21 17:49:53' WHERE `id` = 10 [ RunTime:0.0007s ]
INFO: [ app_end ] --START--
INFO: Run Behavior\ShowPageTraceBehavior [ RunTime:0.025824s ]
INFO: [ app_end ] --END-- [ RunTime:0.025948s ]

[ 2017-06-21T17:51:03+08:00 ] ::1 /ll/index.php?g=Classtypes&m=Textbook&a=edit_post
INFO: [ app_begin ] --START--
INFO: Run Behavior\ReadHtmlCacheBehavior [ RunTime:0.025417s ]
INFO: Run Behavior\CheckLangBehavior [ RunTime:0.058333s ]
INFO: [ app_begin ] --END-- [ RunTime:0.089133s ]
SQL: SHOW COLUMNS FROM `lailong_subject` [ RunTime:0.0203s ]
SQL: SELECT * FROM `lailong_subject` WHERE (  title = '2'  ) LIMIT 1   [ RunTime:0.0006s ]
SQL: INSERT INTO `lailong_subject` (`title`,`createtime`) VALUES ('2','2017-06-21 17:51:03') [ RunTime:0.0007s ]
SQL: SHOW COLUMNS FROM `lailong_press` [ RunTime:0.0132s ]
SQL: SELECT * FROM `lailong_press` WHERE (  title = '2'  ) LIMIT 1   [ RunTime:0.0006s ]
SQL: INSERT INTO `lailong_press` (`title`,`createtime`) VALUES ('2','2017-06-21 17:51:03') [ RunTime:0.0009s ]
SQL: SHOW COLUMNS FROM `lailong_grade` [ RunTime:0.0211s ]
SQL: SELECT * FROM `lailong_grade` WHERE (  title = '2'  ) LIMIT 1   [ RunTime:0.0015s ]
SQL: INSERT INTO `lailong_grade` (`title`,`createtime`) VALUES ('2','2017-06-21 17:51:03') [ RunTime:0.0009s ]
SQL: SHOW COLUMNS FROM `lailong_textbook` [ RunTime:0.0215s ]
SQL: UPDATE `lailong_textbook` SET `subject`='2',`press`='2',`grade`='2',`updatetime`='2017-06-21 17:51:03' WHERE `id` = 10 [ RunTime:0.0021s ]
INFO: [ app_end ] --START--
INFO: Run Behavior\ShowPageTraceBehavior [ RunTime:0.036554s ]
INFO: [ app_end ] --END-- [ RunTime:0.036766s ]

[ 2017-06-21T17:51:04+08:00 ] ::1 /ll/index.php?g=Classtypes&m=Textbook&a=edit_post
INFO: [ app_begin ] --START--
INFO: Run Behavior\ReadHtmlCacheBehavior [ RunTime:0.025585s ]
INFO: Run Behavior\CheckLangBehavior [ RunTime:0.056994s ]
INFO: [ app_begin ] --END-- [ RunTime:0.087167s ]
SQL: SHOW COLUMNS FROM `lailong_subject` [ RunTime:0.0242s ]
SQL: SELECT * FROM `lailong_subject` WHERE (  title = '2'  ) LIMIT 1   [ RunTime:0.0009s ]
SQL: SHOW COLUMNS FROM `lailong_press` [ RunTime:0.0192s ]
SQL: SELECT * FROM `lailong_press` WHERE (  title = '2'  ) LIMIT 1   [ RunTime:0.0009s ]
SQL: SHOW COLUMNS FROM `lailong_grade` [ RunTime:0.0249s ]
SQL: SELECT * FROM `lailong_grade` WHERE (  title = '2'  ) LIMIT 1   [ RunTime:0.0006s ]
SQL: SHOW COLUMNS FROM `lailong_textbook` [ RunTime:0.0223s ]
SQL: UPDATE `lailong_textbook` SET `subject`='2',`press`='2',`grade`='2',`updatetime`='2017-06-21 17:51:04' WHERE `id` = 10 [ RunTime:0.0010s ]
INFO: [ app_end ] --START--
INFO: Run Behavior\ShowPageTraceBehavior [ RunTime:0.034118s ]
INFO: [ app_end ] --END-- [ RunTime:0.034299s ]

[ 2017-06-21T17:52:05+08:00 ] ::1 /ll/index.php?g=Classtypes&m=Textbook&a=edit_post
INFO: [ app_begin ] --START--
INFO: Run Behavior\ReadHtmlCacheBehavior [ RunTime:0.025348s ]
INFO: Run Behavior\CheckLangBehavior [ RunTime:0.047547s ]
INFO: [ app_begin ] --END-- [ RunTime:0.077268s ]
SQL: SHOW COLUMNS FROM `lailong_subject` [ RunTime:0.0157s ]
SQL: SELECT * FROM `lailong_subject` WHERE (  title = '2'  ) LIMIT 1   [ RunTime:0.0004s ]
SQL: SHOW COLUMNS FROM `lailong_press` [ RunTime:0.0091s ]
SQL: SELECT * FROM `lailong_press` WHERE (  title = '2'  ) LIMIT 1   [ RunTime:0.0004s ]
SQL: SHOW COLUMNS FROM `lailong_grade` [ RunTime:0.0089s ]
SQL: SELECT * FROM `lailong_grade` WHERE (  title = '22'  ) LIMIT 1   [ RunTime:0.0004s ]
SQL: INSERT INTO `lailong_grade` (`title`,`createtime`) VALUES ('2','2017-06-21 17:52:05') [ RunTime:0.0004s ]
SQL: SHOW COLUMNS FROM `lailong_textbook` [ RunTime:0.0097s ]
SQL: UPDATE `lailong_textbook` SET `subject`='2',`press`='2',`grade`='22',`updatetime`='2017-06-21 17:52:05' WHERE `id` = 10 [ RunTime:0.0005s ]
INFO: [ app_end ] --START--
INFO: Run Behavior\ShowPageTraceBehavior [ RunTime:0.018401s ]
INFO: [ app_end ] --END-- [ RunTime:0.018490s ]

[ 2017-06-21T17:53:24+08:00 ] ::1 /ll/index.php?g=Classtypes&m=Textbook&a=edit_post
INFO: [ app_begin ] --START--
INFO: Run Behavior\ReadHtmlCacheBehavior [ RunTime:0.021643s ]
INFO: Run Behavior\CheckLangBehavior [ RunTime:0.055363s ]
INFO: [ app_begin ] --END-- [ RunTime:0.080782s ]
SQL: SHOW COLUMNS FROM `lailong_subject` [ RunTime:0.0091s ]
SQL: SELECT * FROM `lailong_subject` WHERE (  title = '2'  ) LIMIT 1   [ RunTime:0.0004s ]
SQL: SHOW COLUMNS FROM `lailong_press` [ RunTime:0.0093s ]
SQL: SELECT * FROM `lailong_press` WHERE (  title = '22'  ) LIMIT 1   [ RunTime:0.0004s ]
SQL: INSERT INTO `lailong_press` (`title`,`createtime`) VALUES ('22','2017-06-21 17:53:24') [ RunTime:0.0005s ]
SQL: SHOW COLUMNS FROM `lailong_grade` [ RunTime:0.0098s ]
SQL: SELECT * FROM `lailong_grade` WHERE (  title = '22'  ) LIMIT 1   [ RunTime:0.0005s ]
SQL: INSERT INTO `lailong_grade` (`title`,`createtime`) VALUES ('22','2017-06-21 17:53:24') [ RunTime:0.0005s ]
SQL: SHOW COLUMNS FROM `lailong_textbook` [ RunTime:0.0123s ]
SQL: UPDATE `lailong_textbook` SET `subject`='2',`press`='22',`grade`='22',`updatetime`='2017-06-21 17:53:24' WHERE `id` = 10 [ RunTime:0.0006s ]
INFO: [ app_end ] --START--
INFO: Run Behavior\ShowPageTraceBehavior [ RunTime:0.019071s ]
INFO: [ app_end ] --END-- [ RunTime:0.019208s ]

[ 2017-06-21T17:53:38+08:00 ] ::1 /ll/index.php?g=Classtypes&m=Textbook&a=edit_post
INFO: [ app_begin ] --START--
INFO: Run Behavior\ReadHtmlCacheBehavior [ RunTime:0.021971s ]
INFO: Run Behavior\CheckLangBehavior [ RunTime:0.058212s ]
INFO: [ app_begin ] --END-- [ RunTime:0.083939s ]
SQL: SHOW COLUMNS FROM `lailong_subject` [ RunTime:0.0145s ]
SQL: SELECT * FROM `lailong_subject` WHERE (  title = '23'  ) LIMIT 1   [ RunTime:0.0006s ]
SQL: INSERT INTO `lailong_subject` (`title`,`createtime`) VALUES ('23','2017-06-21 17:53:38') [ RunTime:0.0006s ]
SQL: SHOW COLUMNS FROM `lailong_press` [ RunTime:0.0146s ]
SQL: SELECT * FROM `lailong_press` WHERE (  title = '22'  ) LIMIT 1   [ RunTime:0.0006s ]
SQL: SHOW COLUMNS FROM `lailong_grade` [ RunTime:0.0155s ]
SQL: SELECT * FROM `lailong_grade` WHERE (  title = '22'  ) LIMIT 1   [ RunTime:0.0006s ]
SQL: SHOW COLUMNS FROM `lailong_textbook` [ RunTime:0.0159s ]
SQL: UPDATE `lailong_textbook` SET `subject`='23',`press`='22',`grade`='22',`updatetime`='2017-06-21 17:53:38' WHERE `id` = 10 [ RunTime:0.0007s ]
INFO: [ app_end ] --START--
INFO: Run Behavior\ShowPageTraceBehavior [ RunTime:0.032116s ]
INFO: [ app_end ] --END-- [ RunTime:0.032269s ]

[ 2017-06-21T17:58:51+08:00 ] ::1 /ll/index.php?g=Classtypes&m=Textbook&a=edit_post
INFO: [ app_begin ] --START--
INFO: Run Behavior\ReadHtmlCacheBehavior [ RunTime:0.035937s ]
INFO: Run Behavior\CheckLangBehavior [ RunTime:0.081187s ]
INFO: [ app_begin ] --END-- [ RunTime:0.122395s ]
SQL: SHOW COLUMNS FROM `lailong_subject` [ RunTime:0.0198s ]
SQL: SELECT * FROM `lailong_subject` WHERE (  title = '2331'  ) LIMIT 1   [ RunTime:0.0005s ]
SQL: INSERT INTO `lailong_subject` (`title`,`createtime`) VALUES ('2331','2017-06-21 17:58:51') [ RunTime:0.0005s ]
SQL: SHOW COLUMNS FROM `lailong_press` [ RunTime:0.0119s ]
SQL: SELECT * FROM `lailong_press` WHERE (  title = '22'  ) LIMIT 1   [ RunTime:0.0008s ]
SQL: SHOW COLUMNS FROM `lailong_grade` [ RunTime:0.0141s ]
SQL: SELECT * FROM `lailong_grade` WHERE (  title = '22'  ) LIMIT 1   [ RunTime:0.0005s ]
SQL: SHOW COLUMNS FROM `lailong_textbook` [ RunTime:0.0107s ]
SQL: UPDATE `lailong_textbook` SET `subject`='2331',`press`='22',`grade`='22',`updatetime`='2017-06-21 17:58:51' WHERE `id` = 10 [ RunTime:0.0007s ]
INFO: [ app_end ] --START--
INFO: Run Behavior\ShowPageTraceBehavior [ RunTime:0.020987s ]
INFO: [ app_end ] --END-- [ RunTime:0.021096s ]

[ 2017-06-21T17:59:19+08:00 ] ::1 /ll/index.php?g=Classtypes&m=Textbook&a=edit_post
INFO: [ app_begin ] --START--
INFO: Run Behavior\ReadHtmlCacheBehavior [ RunTime:0.019291s ]
INFO: Run Behavior\CheckLangBehavior [ RunTime:0.047414s ]
INFO: [ app_begin ] --END-- [ RunTime:0.070412s ]
SQL: SHOW COLUMNS FROM `lailong_subject` [ RunTime:0.0182s ]
SQL: SELECT * FROM `lailong_subject` WHERE (  title = '2331'  ) LIMIT 1   [ RunTime:0.0005s ]
SQL: SHOW COLUMNS FROM `lailong_press` [ RunTime:0.0109s ]
SQL: SELECT * FROM `lailong_press` WHERE (  title = '2231'  ) LIMIT 1   [ RunTime:0.0005s ]
SQL: INSERT INTO `lailong_press` (`title`,`createtime`) VALUES ('2231','2017-06-21 17:59:19') [ RunTime:0.0005s ]
SQL: SHOW COLUMNS FROM `lailong_grade` [ RunTime:0.0107s ]
SQL: SELECT * FROM `lailong_grade` WHERE (  title = '22'  ) LIMIT 1   [ RunTime:0.0005s ]
SQL: SHOW COLUMNS FROM `lailong_textbook` [ RunTime:0.0106s ]
SQL: UPDATE `lailong_textbook` SET `subject`='2331',`press`='2231',`grade`='22',`updatetime`='2017-06-21 17:59:19' WHERE `id` = 10 [ RunTime:0.0006s ]
INFO: [ app_end ] --START--
INFO: Run Behavior\ShowPageTraceBehavior [ RunTime:0.018595s ]
INFO: [ app_end ] --END-- [ RunTime:0.018699s ]

[ 2017-06-21T18:01:44+08:00 ] ::1 /ll/index.php?g=Classtypes&m=Textbook&a=edit_post
INFO: [ app_begin ] --START--
INFO: Run Behavior\ReadHtmlCacheBehavior [ RunTime:0.016032s ]
INFO: Run Behavior\CheckLangBehavior [ RunTime:0.034691s ]
INFO: [ app_begin ] --END-- [ RunTime:0.055007s ]
SQL: SHOW COLUMNS FROM `lailong_subject` [ RunTime:0.0164s ]
SQL: SELECT * FROM `lailong_subject` WHERE (  title = '233131231'  ) LIMIT 1   [ RunTime:0.0004s ]
SQL: INSERT INTO `lailong_subject` (`title`,`createtime`) VALUES ('233131231','2017-06-21 18:01:44') [ RunTime:0.0004s ]
SQL: SHOW COLUMNS FROM `lailong_press` [ RunTime:0.0086s ]
SQL: SELECT * FROM `lailong_press` WHERE (  title = '2231'  ) LIMIT 1   [ RunTime:0.0004s ]
SQL: SHOW COLUMNS FROM `lailong_grade` [ RunTime:0.0083s ]
SQL: SELECT * FROM `lailong_grade` WHERE (  title = '22'  ) LIMIT 1   [ RunTime:0.0005s ]
SQL: SHOW COLUMNS FROM `lailong_textbook` [ RunTime:0.0082s ]
SQL: UPDATE `lailong_textbook` SET `subject`='233131231',`press`='2231',`grade`='22',`updatetime`='2017-06-21 18:01:44' WHERE `id` = 10 [ RunTime:0.0009s ]
INFO: [ app_end ] --START--
INFO: Run Behavior\ShowPageTraceBehavior [ RunTime:0.015829s ]
INFO: [ app_end ] --END-- [ RunTime:0.015919s ]

