[ 2017-06-27T10:27:43+08:00 ] ::1 /ll/index.php?g=Classtypes&m=Subject&a=listorders
INFO: [ app_begin ] --START--
INFO: Run Behavior\ReadHtmlCacheBehavior [ RunTime:0.028439s ]
INFO: Run Behavior\CheckLangBehavior [ RunTime:0.070975s ]
INFO: [ app_begin ] --END-- [ RunTime:0.104356s ]

[ 2017-06-27T10:34:30+08:00 ] ::1 /ll/index.php?g=Classtypes&m=Subject&a=listorders
INFO: [ app_begin ] --START--
INFO: Run Behavior\ReadHtmlCacheBehavior [ RunTime:0.027361s ]
INFO: Run Behavior\CheckLangBehavior [ RunTime:0.065266s ]
INFO: [ app_begin ] --END-- [ RunTime:0.097702s ]

[ 2017-06-27T10:35:15+08:00 ] ::1 /ll/index.php?g=Classtypes&m=Subject&a=listorders
INFO: [ app_begin ] --START--
INFO: Run Behavior\ReadHtmlCacheBehavior [ RunTime:0.028488s ]
INFO: Run Behavior\CheckLangBehavior [ RunTime:0.066800s ]
INFO: [ app_begin ] --END-- [ RunTime:0.100539s ]
SQL: SHOW COLUMNS FROM `lailong_subject` [ RunTime:0.0230s ]
SQL: UPDATE `lailong_subject` SET `index_id`='11' WHERE `id` = 24 [ RunTime:0.0010s ]
SQL: UPDATE `lailong_subject` SET `index_id`='5' WHERE `id` = 10 [ RunTime:0.0007s ]
SQL: UPDATE `lailong_subject` SET `index_id`='2' WHERE `id` = 9 [ RunTime:0.0009s ]
SQL: UPDATE `lailong_subject` SET `index_id`='1' WHERE `id` = 8 [ RunTime:0.0006s ]
SQL: UPDATE `lailong_subject` SET `index_id`='23' WHERE `id` = 7 [ RunTime:0.0005s ]

