[ 2017-06-27T09:08:29+08:00 ] ::1 /ll/index.php?g=Admin&m=public&a=dologin
INFO: [ app_begin ] --START--
INFO: Run Behavior\ReadHtmlCacheBehavior [ RunTime:0.026812s ]
INFO: Run Behavior\CheckLangBehavior [ RunTime:0.068901s ]
INFO: [ app_begin ] --END-- [ RunTime:0.100555s ]
SQL: SHOW COLUMNS FROM `lailong_users` [ RunTime:0.0212s ]
SQL: SELECT * FROM `lailong_users` WHERE `user_login` = 'admin' LIMIT 1   [ RunTime:0.0012s ]
SQL: SHOW COLUMNS FROM `lailong_role_user` [ RunTime:0.0171s ]
SQL: SELECT `role_id` FROM lailong_role_user a INNER JOIN lailong_role as b on a.role_id =b.id  WHERE `user_id` = '1' AND `status` = 1  [ RunTime:0.0037s ]
SQL: UPDATE `lailong_users` SET `user_login`='admin',`user_pass`='###1caf83a293a8e3399bafb3a70ffd913e',`user_nicename`='admin',`user_email`='admin@qq.com',`user_url`='',`avatar`=NULL,`sex`='0',`birthday`=NULL,`signature`=NULL,`last_login_ip`='0.0.0.0',`last_login_time`='2017-06-27 09:08:29',`create_time`='2017-06-12 04:50:03',`user_activation_key`='',`user_status`='1',`score`='0',`user_type`='1',`coin`='0',`mobile`='' WHERE `id` = '1' [ RunTime:0.0011s ]

[ 2017-06-27T10:07:24+08:00 ] ::1 /ll/index.php?g=Admin&m=Menu&a=index&menuid=100
NOTIC: D方法实例化没找到模型类Common\Model\AuthRuleModel

[ 2017-06-27T10:16:04+08:00 ] ::1 /ll/index.php?g=Admin&m=Menu&a=listorders
INFO: [ app_begin ] --START--
INFO: Run Behavior\ReadHtmlCacheBehavior [ RunTime:0.033367s ]
INFO: Run Behavior\CheckLangBehavior [ RunTime:0.089414s ]
INFO: [ app_begin ] --END-- [ RunTime:0.128143s ]
SQL: SHOW COLUMNS FROM `lailong_users` [ RunTime:0.0124s ]
SQL: SELECT * FROM `lailong_users` WHERE ( id=1 ) LIMIT 1   [ RunTime:0.0008s ]
SQL: SHOW COLUMNS FROM `lailong_menu` [ RunTime:0.0123s ]
NOTIC: D方法实例化没找到模型类Common\Model\AuthRuleModel
SQL: SHOW COLUMNS FROM `lailong_auth_rule` [ RunTime:0.0156s ]
SQL: UPDATE `lailong_menu` SET `listorder`='11' WHERE `id` = 162 [ RunTime:0.0023s ]
SQL: UPDATE `lailong_menu` SET `listorder`='0' WHERE `id` = 163 [ RunTime:0.0005s ]
SQL: UPDATE `lailong_menu` SET `listorder`='0' WHERE `id` = 164 [ RunTime:0.0005s ]
SQL: UPDATE `lailong_menu` SET `listorder`='0' WHERE `id` = 165 [ RunTime:0.0005s ]
SQL: UPDATE `lailong_menu` SET `listorder`='0' WHERE `id` = 166 [ RunTime:0.0005s ]
SQL: UPDATE `lailong_menu` SET `listorder`='0' WHERE `id` = 174 [ RunTime:0.0006s ]
SQL: UPDATE `lailong_menu` SET `listorder`='0' WHERE `id` = 175 [ RunTime:0.0005s ]
SQL: UPDATE `lailong_menu` SET `listorder`='0' WHERE `id` = 176 [ RunTime:0.0005s ]
SQL: UPDATE `lailong_menu` SET `listorder`='0' WHERE `id` = 177 [ RunTime:0.0005s ]
SQL: UPDATE `lailong_menu` SET `listorder`='0' WHERE `id` = 178 [ RunTime:0.0004s ]
SQL: UPDATE `lailong_menu` SET `listorder`='0' WHERE `id` = 179 [ RunTime:0.0005s ]
SQL: UPDATE `lailong_menu` SET `listorder`='0' WHERE `id` = 180 [ RunTime:0.0005s ]
SQL: UPDATE `lailong_menu` SET `listorder`='0' WHERE `id` = 181 [ RunTime:0.0005s ]
SQL: UPDATE `lailong_menu` SET `listorder`='0' WHERE `id` = 182 [ RunTime:0.0005s ]
SQL: UPDATE `lailong_menu` SET `listorder`='0' WHERE `id` = 183 [ RunTime:0.0004s ]
SQL: UPDATE `lailong_menu` SET `listorder`='0' WHERE `id` = 184 [ RunTime:0.0004s ]
SQL: UPDATE `lailong_menu` SET `listorder`='0' WHERE `id` = 185 [ RunTime:0.0005s ]
SQL: UPDATE `lailong_menu` SET `listorder`='0' WHERE `id` = 186 [ RunTime:0.0006s ]
SQL: UPDATE `lailong_menu` SET `listorder`='0' WHERE `id` = 187 [ RunTime:0.0005s ]
SQL: UPDATE `lailong_menu` SET `listorder`='0' WHERE `id` = 188 [ RunTime:0.0006s ]
SQL: UPDATE `lailong_menu` SET `listorder`='0' WHERE `id` = 189 [ RunTime:0.0007s ]
SQL: UPDATE `lailong_menu` SET `listorder`='0' WHERE `id` = 167 [ RunTime:0.0005s ]
SQL: UPDATE `lailong_menu` SET `listorder`='0' WHERE `id` = 168 [ RunTime:0.0005s ]
SQL: UPDATE `lailong_menu` SET `listorder`='0' WHERE `id` = 170 [ RunTime:0.0005s ]
SQL: UPDATE `lailong_menu` SET `listorder`='0' WHERE `id` = 171 [ RunTime:0.0005s ]
SQL: UPDATE `lailong_menu` SET `listorder`='0' WHERE `id` = 172 [ RunTime:0.0005s ]
SQL: UPDATE `lailong_menu` SET `listorder`='0' WHERE `id` = 169 [ RunTime:0.0005s ]
SQL: UPDATE `lailong_menu` SET `listorder`='0' WHERE `id` = 173 [ RunTime:0.0005s ]
SQL: UPDATE `lailong_menu` SET `listorder`='10' WHERE `id` = 132 [ RunTime:0.0004s ]
SQL: UPDATE `lailong_menu` SET `listorder`='0' WHERE `id` = 133 [ RunTime:0.0005s ]
SQL: UPDATE `lailong_menu` SET `listorder`='0' WHERE `id` = 134 [ RunTime:0.0004s ]
SQL: UPDATE `lailong_menu` SET `listorder`='0' WHERE `id` = 135 [ RunTime:0.0005s ]
SQL: UPDATE `lailong_menu` SET `listorder`='0' WHERE `id` = 136 [ RunTime:0.0005s ]
SQL: UPDATE `lailong_menu` SET `listorder`='0' WHERE `id` = 137 [ RunTime:0.0005s ]
SQL: UPDATE `lailong_menu` SET `listorder`='0' WHERE `id` = 138 [ RunTime:0.0004s ]
SQL: UPDATE `lailong_menu` SET `listorder`='0' WHERE `id` = 139 [ RunTime:0.0006s ]
SQL: UPDATE `lailong_menu` SET `listorder`='0' WHERE `id` = 140 [ RunTime:0.0005s ]
SQL: UPDATE `lailong_menu` SET `listorder`='1000' WHERE `id` = 141 [ RunTime:0.0005s ]
SQL: UPDATE `lailong_menu` SET `listorder`='1000' WHERE `id` = 142 [ RunTime:0.0004s ]
SQL: UPDATE `lailong_menu` SET `listorder`='0' WHERE `id` = 143 [ RunTime:0.0004s ]
SQL: UPDATE `lailong_menu` SET `listorder`='1000' WHERE `id` = 144 [ RunTime:0.0006s ]
SQL: UPDATE `lailong_menu` SET `listorder`='0' WHERE `id` = 145 [ RunTime:0.0005s ]
SQL: UPDATE `lailong_menu` SET `listorder`='1000' WHERE `id` = 146 [ RunTime:0.0004s ]
SQL: UPDATE `lailong_menu` SET `listorder`='1000' WHERE `id` = 147 [ RunTime:0.0005s ]
SQL: UPDATE `lailong_menu` SET `listorder`='0' WHERE `id` = 148 [ RunTime:0.0005s ]
SQL: UPDATE `lailong_menu` SET `listorder`='0' WHERE `id` = 149 [ RunTime:0.0005s ]
SQL: UPDATE `lailong_menu` SET `listorder`='0' WHERE `id` = 160 [ RunTime:0.0004s ]
SQL: UPDATE `lailong_menu` SET `listorder`='0' WHERE `id` = 161 [ RunTime:0.0005s ]
SQL: UPDATE `lailong_menu` SET `listorder`='1000' WHERE `id` = 150 [ RunTime:0.0007s ]
SQL: UPDATE `lailong_menu` SET `listorder`='1000' WHERE `id` = 151 [ RunTime:0.0005s ]
SQL: UPDATE `lailong_menu` SET `listorder`='0' WHERE `id` = 152 [ RunTime:0.0004s ]
SQL: UPDATE `lailong_menu` SET `listorder`='1000' WHERE `id` = 153 [ RunTime:0.0005s ]
SQL: UPDATE `lailong_menu` SET `listorder`='0' WHERE `id` = 154 [ RunTime:0.0005s ]
SQL: UPDATE `lailong_menu` SET `listorder`='20' WHERE `id` = 85 [ RunTime:0.0006s ]
SQL: UPDATE `lailong_menu` SET `listorder`='0' WHERE `id` = 86 [ RunTime:0.0005s ]
SQL: UPDATE `lailong_menu` SET `listorder`='0' WHERE `id` = 87 [ RunTime:0.0005s ]
SQL: UPDATE `lailong_menu` SET `listorder`='0' WHERE `id` = 88 [ RunTime:0.0004s ]
SQL: UPDATE `lailong_menu` SET `listorder`='1000' WHERE `id` = 89 [ RunTime:0.0005s ]
SQL: UPDATE `lailong_menu` SET `listorder`='1000' WHERE `id` = 90 [ RunTime:0.0004s ]
SQL: UPDATE `lailong_menu` SET `listorder`='0' WHERE `id` = 91 [ RunTime:0.0005s ]
SQL: UPDATE `lailong_menu` SET `listorder`='1000' WHERE `id` = 92 [ RunTime:0.0005s ]
SQL: UPDATE `lailong_menu` SET `listorder`='0' WHERE `id` = 93 [ RunTime:0.0004s ]
SQL: UPDATE `lailong_menu` SET `listorder`='0' WHERE `id` = 94 [ RunTime:0.0005s ]
SQL: UPDATE `lailong_menu` SET `listorder`='1000' WHERE `id` = 95 [ RunTime:0.0004s ]
SQL: UPDATE `lailong_menu` SET `listorder`='1000' WHERE `id` = 96 [ RunTime:0.0005s ]
SQL: UPDATE `lailong_menu` SET `listorder`='0' WHERE `id` = 97 [ RunTime:0.0004s ]
SQL: UPDATE `lailong_menu` SET `listorder`='1000' WHERE `id` = 98 [ RunTime:0.0004s ]
SQL: UPDATE `lailong_menu` SET `listorder`='0' WHERE `id` = 99 [ RunTime:0.0004s ]
SQL: UPDATE `lailong_menu` SET `listorder`='0' WHERE `id` = 100 [ RunTime:0.0004s ]
SQL: UPDATE `lailong_menu` SET `listorder`='0' WHERE `id` = 101 [ RunTime:0.0004s ]
SQL: UPDATE `lailong_menu` SET `listorder`='0' WHERE `id` = 102 [ RunTime:0.0004s ]
SQL: UPDATE `lailong_menu` SET `listorder`='0' WHERE `id` = 103 [ RunTime:0.0004s ]
SQL: UPDATE `lailong_menu` SET `listorder`='1000' WHERE `id` = 104 [ RunTime:0.0005s ]
SQL: UPDATE `lailong_menu` SET `listorder`='1000' WHERE `id` = 105 [ RunTime:0.0010s ]
SQL: UPDATE `lailong_menu` SET `listorder`='0' WHERE `id` = 106 [ RunTime:0.0005s ]
SQL: UPDATE `lailong_menu` SET `listorder`='1000' WHERE `id` = 107 [ RunTime:0.0005s ]
SQL: UPDATE `lailong_menu` SET `listorder`='1000' WHERE `id` = 108 [ RunTime:0.0004s ]
SQL: UPDATE `lailong_menu` SET `listorder`='30' WHERE `id` = 1 [ RunTime:0.0003s ]
SQL: UPDATE `lailong_menu` SET `listorder`='0' WHERE `id` = 2 [ RunTime:0.0004s ]
SQL: UPDATE `lailong_menu` SET `listorder`='0' WHERE `id` = 3 [ RunTime:0.0004s ]
SQL: UPDATE `lailong_menu` SET `listorder`='0' WHERE `id` = 4 [ RunTime:0.0006s ]
SQL: UPDATE `lailong_menu` SET `listorder`='0' WHERE `id` = 5 [ RunTime:0.0005s ]
SQL: UPDATE `lailong_menu` SET `listorder`='0' WHERE `id` = 6 [ RunTime:0.0006s ]
SQL: UPDATE `lailong_menu` SET `listorder`='1' WHERE `id` = 7 [ RunTime:0.0004s ]
SQL: UPDATE `lailong_menu` SET `listorder`='0' WHERE `id` = 8 [ RunTime:0.0005s ]
SQL: UPDATE `lailong_menu` SET `listorder`='0' WHERE `id` = 9 [ RunTime:0.0005s ]
SQL: UPDATE `lailong_menu` SET `listorder`='0' WHERE `id` = 10 [ RunTime:0.0005s ]
SQL: UPDATE `lailong_menu` SET `listorder`='1000' WHERE `id` = 11 [ RunTime:0.0006s ]
SQL: UPDATE `lailong_menu` SET `listorder`='1000' WHERE `id` = 12 [ RunTime:0.0005s ]
SQL: UPDATE `lailong_menu` SET `listorder`='1000' WHERE `id` = 13 [ RunTime:0.0005s ]
SQL: UPDATE `lailong_menu` SET `listorder`='1000' WHERE `id` = 14 [ RunTime:0.0004s ]
SQL: UPDATE `lailong_menu` SET `listorder`='0' WHERE `id` = 15 [ RunTime:0.0005s ]
SQL: UPDATE `lailong_menu` SET `listorder`='1000' WHERE `id` = 16 [ RunTime:0.0005s ]
SQL: UPDATE `lailong_menu` SET `listorder`='0' WHERE `id` = 17 [ RunTime:0.0004s ]
SQL: UPDATE `lailong_menu` SET `listorder`='2' WHERE `id` = 18 [ RunTime:0.0004s ]
SQL: UPDATE `lailong_menu` SET `listorder`='0' WHERE `id` = 19 [ RunTime:0.0005s ]
SQL: UPDATE `lailong_menu` SET `listorder`='1000' WHERE `id` = 20 [ RunTime:0.0004s ]
SQL: UPDATE `lailong_menu` SET `listorder`='1000' WHERE `id` = 21 [ RunTime:0.0005s ]
SQL: UPDATE `lailong_menu` SET `listorder`='0' WHERE `id` = 22 [ RunTime:0.0006s ]
SQL: UPDATE `lailong_menu` SET `listorder`='1000' WHERE `id` = 23 [ RunTime:0.0006s ]
SQL: UPDATE `lailong_menu` SET `listorder`='0' WHERE `id` = 24 [ RunTime:0.0005s ]
SQL: UPDATE `lailong_menu` SET `listorder`='3' WHERE `id` = 25 [ RunTime:0.0005s ]
SQL: UPDATE `lailong_menu` SET `listorder`='0' WHERE `id` = 26 [ RunTime:0.0005s ]
SQL: UPDATE `lailong_menu` SET `listorder`='1000' WHERE `id` = 27 [ RunTime:0.0006s ]
SQL: UPDATE `lailong_menu` SET `listorder`='1000' WHERE `id` = 28 [ RunTime:0.0006s ]
SQL: UPDATE `lailong_menu` SET `listorder`='0' WHERE `id` = 29 [ RunTime:0.0005s ]
SQL: UPDATE `lailong_menu` SET `listorder`='1000' WHERE `id` = 30 [ RunTime:0.0005s ]
SQL: UPDATE `lailong_menu` SET `listorder`='0' WHERE `id` = 31 [ RunTime:0.0005s ]
SQL: UPDATE `lailong_menu` SET `listorder`='4' WHERE `id` = 32 [ RunTime:0.0005s ]
SQL: UPDATE `lailong_menu` SET `listorder`='0' WHERE `id` = 33 [ RunTime:0.0005s ]
SQL: UPDATE `lailong_menu` SET `listorder`='1000' WHERE `id` = 34 [ RunTime:0.0006s ]
SQL: UPDATE `lailong_menu` SET `listorder`='1000' WHERE `id` = 35 [ RunTime:0.0006s ]
SQL: UPDATE `lailong_menu` SET `listorder`='1' WHERE `id` = 36 [ RunTime:0.0006s ]
SQL: UPDATE `lailong_menu` SET `listorder`='1000' WHERE `id` = 37 [ RunTime:0.0006s ]
SQL: UPDATE `lailong_menu` SET `listorder`='1000' WHERE `id` = 38 [ RunTime:0.0005s ]
SQL: UPDATE `lailong_menu` SET `listorder`='40' WHERE `id` = 39 [ RunTime:0.0005s ]
SQL: UPDATE `lailong_menu` SET `listorder`='0' WHERE `id` = 40 [ RunTime:0.0005s ]
SQL: UPDATE `lailong_menu` SET `listorder`='0' WHERE `id` = 41 [ RunTime:0.0005s ]
SQL: UPDATE `lailong_menu` SET `listorder`='0' WHERE `id` = 42 [ RunTime:0.0014s ]
SQL: UPDATE `lailong_menu` SET `listorder`='0' WHERE `id` = 43 [ RunTime:0.0006s ]
SQL: UPDATE `lailong_menu` SET `listorder`='1000' WHERE `id` = 44 [ RunTime:0.0005s ]
SQL: UPDATE `lailong_menu` SET `listorder`='1000' WHERE `id` = 45 [ RunTime:0.0005s ]
SQL: UPDATE `lailong_menu` SET `listorder`='1000' WHERE `id` = 46 [ RunTime:0.0005s ]
SQL: UPDATE `lailong_menu` SET `listorder`='0' WHERE `id` = 47 [ RunTime:0.0005s ]
SQL: UPDATE `lailong_menu` SET `listorder`='0' WHERE `id` = 48 [ RunTime:0.0006s ]
SQL: UPDATE `lailong_menu` SET `listorder`='0' WHERE `id` = 49 [ RunTime:0.0005s ]
SQL: UPDATE `lailong_menu` SET `listorder`='0' WHERE `id` = 50 [ RunTime:0.0005s ]
SQL: UPDATE `lailong_menu` SET `listorder`='0' WHERE `id` = 51 [ RunTime:0.0005s ]
SQL: UPDATE `lailong_menu` SET `listorder`='0' WHERE `id` = 52 [ RunTime:0.0005s ]
SQL: UPDATE `lailong_menu` SET `listorder`='0' WHERE `id` = 155 [ RunTime:0.0005s ]
SQL: UPDATE `lailong_menu` SET `listorder`='0' WHERE `id` = 156 [ RunTime:0.0006s ]
SQL: UPDATE `lailong_menu` SET `listorder`='0' WHERE `id` = 157 [ RunTime:0.0005s ]
SQL: UPDATE `lailong_menu` SET `listorder`='1' WHERE `id` = 53 [ RunTime:0.0005s ]
SQL: UPDATE `lailong_menu` SET `listorder`='0' WHERE `id` = 54 [ RunTime:0.0005s ]
SQL: UPDATE `lailong_menu` SET `listorder`='0' WHERE `id` = 55 [ RunTime:0.0006s ]
SQL: UPDATE `lailong_menu` SET `listorder`='0' WHERE `id` = 56 [ RunTime:0.0005s ]
SQL: UPDATE `lailong_menu` SET `listorder`='0' WHERE `id` = 158 [ RunTime:0.0005s ]
SQL: UPDATE `lailong_menu` SET `listorder`='0' WHERE `id` = 159 [ RunTime:0.0004s ]
SQL: UPDATE `lailong_menu` SET `listorder`='1000' WHERE `id` = 57 [ RunTime:0.0005s ]
SQL: UPDATE `lailong_menu` SET `listorder`='1000' WHERE `id` = 58 [ RunTime:0.0005s ]
SQL: UPDATE `lailong_menu` SET `listorder`='0' WHERE `id` = 59 [ RunTime:0.0004s ]
SQL: UPDATE `lailong_menu` SET `listorder`='1000' WHERE `id` = 60 [ RunTime:0.0006s ]
SQL: UPDATE `lailong_menu` SET `listorder`='0' WHERE `id` = 61 [ RunTime:0.0006s ]
SQL: UPDATE `lailong_menu` SET `listorder`='0' WHERE `id` = 62 [ RunTime:0.0005s ]
SQL: UPDATE `lailong_menu` SET `listorder`='1000' WHERE `id` = 63 [ RunTime:0.0005s ]
SQL: UPDATE `lailong_menu` SET `listorder`='1000' WHERE `id` = 64 [ RunTime:0.0006s ]
SQL: UPDATE `lailong_menu` SET `listorder`='0' WHERE `id` = 65 [ RunTime:0.0006s ]
SQL: UPDATE `lailong_menu` SET `listorder`='1000' WHERE `id` = 66 [ RunTime:0.0006s ]
SQL: UPDATE `lailong_menu` SET `listorder`='0' WHERE `id` = 67 [ RunTime:0.0005s ]
SQL: UPDATE `lailong_menu` SET `listorder`='2' WHERE `id` = 68 [ RunTime:0.0005s ]
SQL: UPDATE `lailong_menu` SET `listorder`='0' WHERE `id` = 69 [ RunTime:0.0006s ]
SQL: UPDATE `lailong_menu` SET `listorder`='1000' WHERE `id` = 70 [ RunTime:0.0005s ]
SQL: UPDATE `lailong_menu` SET `listorder`='1000' WHERE `id` = 71 [ RunTime:0.0005s ]
SQL: UPDATE `lailong_menu` SET `listorder`='0' WHERE `id` = 72 [ RunTime:0.0006s ]
SQL: UPDATE `lailong_menu` SET `listorder`='1000' WHERE `id` = 73 [ RunTime:0.0005s ]
SQL: UPDATE `lailong_menu` SET `listorder`='0' WHERE `id` = 74 [ RunTime:0.0004s ]
SQL: UPDATE `lailong_menu` SET `listorder`='3' WHERE `id` = 75 [ RunTime:0.0005s ]
SQL: UPDATE `lailong_menu` SET `listorder`='0' WHERE `id` = 76 [ RunTime:0.0005s ]
SQL: UPDATE `lailong_menu` SET `listorder`='0' WHERE `id` = 77 [ RunTime:0.0004s ]
SQL: UPDATE `lailong_menu` SET `listorder`='1000' WHERE `id` = 78 [ RunTime:0.0004s ]
SQL: UPDATE `lailong_menu` SET `listorder`='1000' WHERE `id` = 79 [ RunTime:0.0005s ]
SQL: UPDATE `lailong_menu` SET `listorder`='0' WHERE `id` = 80 [ RunTime:0.0004s ]
SQL: UPDATE `lailong_menu` SET `listorder`='1000' WHERE `id` = 81 [ RunTime:0.0005s ]
SQL: UPDATE `lailong_menu` SET `listorder`='0' WHERE `id` = 82 [ RunTime:0.0005s ]
SQL: UPDATE `lailong_menu` SET `listorder`='4' WHERE `id` = 83 [ RunTime:0.0006s ]
SQL: UPDATE `lailong_menu` SET `listorder`='0' WHERE `id` = 84 [ RunTime:0.0006s ]
SQL: UPDATE `lailong_menu` SET `listorder`='80' WHERE `id` = 109 [ RunTime:0.0008s ]
SQL: UPDATE `lailong_menu` SET `listorder`='0' WHERE `id` = 110 [ RunTime:0.0007s ]
SQL: UPDATE `lailong_menu` SET `listorder`='0' WHERE `id` = 111 [ RunTime:0.0006s ]
SQL: UPDATE `lailong_menu` SET `listorder`='0' WHERE `id` = 112 [ RunTime:0.0006s ]
SQL: UPDATE `lailong_menu` SET `listorder`='0' WHERE `id` = 113 [ RunTime:0.0005s ]
SQL: UPDATE `lailong_menu` SET `listorder`='0' WHERE `id` = 114 [ RunTime:0.0007s ]
SQL: UPDATE `lailong_menu` SET `listorder`='0' WHERE `id` = 115 [ RunTime:0.0005s ]
SQL: UPDATE `lailong_menu` SET `listorder`='0' WHERE `id` = 116 [ RunTime:0.0005s ]
SQL: UPDATE `lailong_menu` SET `listorder`='0' WHERE `id` = 117 [ RunTime:0.0006s ]
SQL: UPDATE `lailong_menu` SET `listorder`='0' WHERE `id` = 118 [ RunTime:0.0005s ]
SQL: UPDATE `lailong_menu` SET `listorder`='0' WHERE `id` = 119 [ RunTime:0.0005s ]
SQL: UPDATE `lailong_menu` SET `listorder`='0' WHERE `id` = 120 [ RunTime:0.0005s ]
SQL: UPDATE `lailong_menu` SET `listorder`='0' WHERE `id` = 121 [ RunTime:0.0004s ]
SQL: UPDATE `lailong_menu` SET `listorder`='0' WHERE `id` = 122 [ RunTime:0.0005s ]
SQL: UPDATE `lailong_menu` SET `listorder`='0' WHERE `id` = 123 [ RunTime:0.0006s ]
SQL: UPDATE `lailong_menu` SET `listorder`='0' WHERE `id` = 124 [ RunTime:0.0006s ]
SQL: UPDATE `lailong_menu` SET `listorder`='0' WHERE `id` = 125 [ RunTime:0.0006s ]
SQL: UPDATE `lailong_menu` SET `listorder`='0' WHERE `id` = 126 [ RunTime:0.0005s ]
SQL: UPDATE `lailong_menu` SET `listorder`='0' WHERE `id` = 127 [ RunTime:0.0006s ]
SQL: UPDATE `lailong_menu` SET `listorder`='0' WHERE `id` = 128 [ RunTime:0.0006s ]
SQL: UPDATE `lailong_menu` SET `listorder`='0' WHERE `id` = 129 [ RunTime:0.0006s ]
SQL: UPDATE `lailong_menu` SET `listorder`='0' WHERE `id` = 130 [ RunTime:0.0006s ]
SQL: UPDATE `lailong_menu` SET `listorder`='1' WHERE `id` = 131 [ RunTime:0.0006s ]

[ 2017-06-27T10:16:07+08:00 ] ::1 /ll/index.php?g=Admin&m=Menu&a=index&menuid=100
NOTIC: D方法实例化没找到模型类Common\Model\AuthRuleModel

