[ 2017-06-22T09:08:33+08:00 ] ::1 /ll/index.php?g=Admin&m=public&a=dologin
INFO: [ app_begin ] --START--
INFO: Run Behavior\ReadHtmlCacheBehavior [ RunTime:0.024933s ]
INFO: Run Behavior\CheckLangBehavior [ RunTime:0.061343s ]
INFO: [ app_begin ] --END-- [ RunTime:0.090653s ]
SQL: SHOW COLUMNS FROM `lailong_users` [ RunTime:0.0189s ]
SQL: SELECT * FROM `lailong_users` WHERE `user_login` = 'admin' LIMIT 1   [ RunTime:0.0012s ]
SQL: SHOW COLUMNS FROM `lailong_role_user` [ RunTime:0.0170s ]
SQL: SELECT `role_id` FROM lailong_role_user a INNER JOIN lailong_role as b on a.role_id =b.id  WHERE `user_id` = '1' AND `status` = 1  [ RunTime:0.0038s ]
SQL: UPDATE `lailong_users` SET `user_login`='admin',`user_pass`='###1caf83a293a8e3399bafb3a70ffd913e',`user_nicename`='admin',`user_email`='admin@qq.com',`user_url`='',`avatar`=NULL,`sex`='0',`birthday`=NULL,`signature`=NULL,`last_login_ip`='0.0.0.0',`last_login_time`='2017-06-22 09:08:33',`create_time`='2017-06-12 04:50:03',`user_activation_key`='',`user_status`='1',`score`='0',`user_type`='1',`coin`='0',`mobile`='' WHERE `id` = '1' [ RunTime:0.0013s ]

[ 2017-06-22T15:18:44+08:00 ] ::1 /ll/index.php?g=Admin&m=Menu&a=index&menuid=100
NOTIC: D方法实例化没找到模型类Common\Model\AuthRuleModel

[ 2017-06-22T15:18:54+08:00 ] ::1 /ll/index.php?g=Admin&m=Menu&a=add&parentid=162&menuid=100
NOTIC: D方法实例化没找到模型类Common\Model\AuthRuleModel

[ 2017-06-22T15:19:52+08:00 ] ::1 /ll/index.php?g=Admin&m=Menu&a=add_post
INFO: [ app_begin ] --START--
INFO: Run Behavior\ReadHtmlCacheBehavior [ RunTime:0.025845s ]
INFO: Run Behavior\CheckLangBehavior [ RunTime:0.077799s ]
INFO: [ app_begin ] --END-- [ RunTime:0.108700s ]
SQL: SHOW COLUMNS FROM `lailong_users` [ RunTime:0.0216s ]
SQL: SELECT * FROM `lailong_users` WHERE ( id=1 ) LIMIT 1   [ RunTime:0.0010s ]
SQL: SHOW COLUMNS FROM `lailong_menu` [ RunTime:0.0155s ]
NOTIC: D方法实例化没找到模型类Common\Model\AuthRuleModel
SQL: SHOW COLUMNS FROM `lailong_auth_rule` [ RunTime:0.0197s ]
NOTIC: [8] Undefined index: validate D:\tools\upupw\htdocs\ll\simplewind\Core\Library\Think\Model.class.php 第 1185 行.
SQL: SELECT * FROM `lailong_menu` WHERE `app` = 'Classtypes' AND `model` = 'Classroom' AND `action` = 'classroomlist' LIMIT 1   [ RunTime:0.0010s ]
SQL: SELECT `parentid` FROM `lailong_menu` WHERE `id` = 162 LIMIT 1   [ RunTime:0.0005s ]
NOTIC: [8] Undefined index: auto D:\tools\upupw\htdocs\ll\simplewind\Core\Library\Think\Model.class.php 第 1128 行.
SQL: INSERT INTO `lailong_menu` (`parentid`,`name`,`app`,`model`,`action`,`data`,`icon`,`remark`,`status`,`type`) VALUES ('162','教室管理','Classtypes','Classroom','classroomlist','','','','1','1') [ RunTime:0.0014s ]
SQL: SELECT * FROM `lailong_auth_rule` WHERE `name` = 'classtypes/classroom/classroomlist' LIMIT 1   [ RunTime:0.0020s ]
SQL: INSERT INTO `lailong_auth_rule` (`name`,`module`,`type`,`title`) VALUES ('classtypes/classroom/classroomlist','Classtypes','admin_url','教室管理') [ RunTime:0.0008s ]

[ 2017-06-22T15:19:55+08:00 ] ::1 /ll/index.php?g=Admin&m=Menu&a=index
NOTIC: D方法实例化没找到模型类Common\Model\AuthRuleModel

[ 2017-06-22T16:52:08+08:00 ] ::1 /ll/index.php?g=Admin&m=Menu&a=index&menuid=100
NOTIC: D方法实例化没找到模型类Common\Model\AuthRuleModel

[ 2017-06-22T16:52:14+08:00 ] ::1 /ll/index.php?g=Admin&m=Menu&a=add&parentid=162&menuid=100
NOTIC: D方法实例化没找到模型类Common\Model\AuthRuleModel

[ 2017-06-22T16:53:55+08:00 ] ::1 /ll/index.php?g=Admin&m=Menu&a=add_post
INFO: [ app_begin ] --START--
INFO: Run Behavior\ReadHtmlCacheBehavior [ RunTime:0.029031s ]
INFO: Run Behavior\CheckLangBehavior [ RunTime:0.075920s ]
INFO: [ app_begin ] --END-- [ RunTime:0.109882s ]
SQL: SHOW COLUMNS FROM `lailong_users` [ RunTime:0.0163s ]
SQL: SELECT * FROM `lailong_users` WHERE ( id=1 ) LIMIT 1   [ RunTime:0.0010s ]
SQL: SHOW COLUMNS FROM `lailong_menu` [ RunTime:0.0190s ]
NOTIC: D方法实例化没找到模型类Common\Model\AuthRuleModel
SQL: SHOW COLUMNS FROM `lailong_auth_rule` [ RunTime:0.0161s ]
NOTIC: [8] Undefined index: validate D:\tools\upupw\htdocs\ll\simplewind\Core\Library\Think\Model.class.php 第 1185 行.
SQL: SELECT * FROM `lailong_menu` WHERE `app` = 'Other' AND `model` = 'EncourageConfig' AND `action` = 'encourageconfiglist' LIMIT 1   [ RunTime:0.0010s ]
SQL: SELECT `parentid` FROM `lailong_menu` WHERE `id` = 162 LIMIT 1   [ RunTime:0.0006s ]
NOTIC: [8] Undefined index: auto D:\tools\upupw\htdocs\ll\simplewind\Core\Library\Think\Model.class.php 第 1128 行.
SQL: INSERT INTO `lailong_menu` (`parentid`,`name`,`app`,`model`,`action`,`data`,`icon`,`remark`,`status`,`type`) VALUES ('162','积分奖励配置管理','Other','EncourageConfig','encourageconfiglist','','','','1','1') [ RunTime:0.0010s ]
SQL: SELECT * FROM `lailong_auth_rule` WHERE `name` = 'other/encourageconfig/encourageconfiglist' LIMIT 1   [ RunTime:0.0017s ]
SQL: INSERT INTO `lailong_auth_rule` (`name`,`module`,`type`,`title`) VALUES ('other/encourageconfig/encourageconfiglist','Other','admin_url','积分奖励配置管理') [ RunTime:0.0008s ]

[ 2017-06-22T16:53:59+08:00 ] ::1 /ll/index.php?g=Admin&m=Menu&a=index
NOTIC: D方法实例化没找到模型类Common\Model\AuthRuleModel

