[ 2017-07-03T10:10:11+08:00 ] ::1 /ll/index.php?g=Admin&m=public&a=dologin
INFO: [ app_begin ] --START--
INFO: Run Behavior\ReadHtmlCacheBehavior [ RunTime:0.026827s ]
INFO: Run Behavior\CheckLangBehavior [ RunTime:0.079395s ]
INFO: [ app_begin ] --END-- [ RunTime:0.113282s ]
SQL: SHOW COLUMNS FROM `lailong_users` [ RunTime:0.0203s ]
SQL: SELECT * FROM `lailong_users` WHERE `user_login` = 'admin' LIMIT 1   [ RunTime:0.0010s ]
SQL: SHOW COLUMNS FROM `lailong_role_user` [ RunTime:0.0180s ]
SQL: SELECT `role_id` FROM lailong_role_user a INNER JOIN lailong_role as b on a.role_id =b.id  WHERE `user_id` = '1' AND `status` = 1  [ RunTime:0.0030s ]
SQL: UPDATE `lailong_users` SET `user_login`='admin',`user_pass`='###1caf83a293a8e3399bafb3a70ffd913e',`user_nicename`='admin',`user_email`='admin@qq.com',`user_url`='',`avatar`=NULL,`sex`='0',`birthday`=NULL,`signature`=NULL,`last_login_ip`='0.0.0.0',`last_login_time`='2017-07-03 10:10:11',`create_time`='2017-06-12 04:50:03',`user_activation_key`='',`user_status`='1',`score`='0',`user_type`='1',`coin`='0',`mobile`='' WHERE `id` = '1' [ RunTime:0.0011s ]

[ 2017-07-03T13:18:52+08:00 ] ::1 /ll/index.php?g=Admin&m=Menu&a=index&menuid=100
NOTIC: D方法实例化没找到模型类Common\Model\AuthRuleModel

[ 2017-07-03T13:19:07+08:00 ] ::1 /ll/index.php?g=Admin&m=Menu&a=add&parentid=162&menuid=100
NOTIC: D方法实例化没找到模型类Common\Model\AuthRuleModel

[ 2017-07-03T13:19:24+08:00 ] ::1 /ll/index.php?g=Admin&m=Menu&a=add_post
INFO: [ app_begin ] --START--
INFO: Run Behavior\ReadHtmlCacheBehavior [ RunTime:0.028043s ]
INFO: Run Behavior\CheckLangBehavior [ RunTime:0.078933s ]
INFO: [ app_begin ] --END-- [ RunTime:0.111904s ]
SQL: SHOW COLUMNS FROM `lailong_users` [ RunTime:0.0236s ]
SQL: SELECT * FROM `lailong_users` WHERE ( id=1 ) LIMIT 1   [ RunTime:0.0009s ]
SQL: SHOW COLUMNS FROM `lailong_menu` [ RunTime:0.0191s ]
NOTIC: D方法实例化没找到模型类Common\Model\AuthRuleModel
SQL: SHOW COLUMNS FROM `lailong_auth_rule` [ RunTime:0.0176s ]
NOTIC: [8] Undefined index: validate D:\tools\upupw\htdocs\ll\simplewind\Core\Library\Think\Model.class.php 第 1185 行.
SQL: SELECT * FROM `lailong_menu` WHERE `app` = 'Order' AND `model` = 'Order' AND `action` = 'weixinorderlist' LIMIT 1   [ RunTime:0.0009s ]
SQL: SELECT `parentid` FROM `lailong_menu` WHERE `id` = 162 LIMIT 1   [ RunTime:0.0005s ]
NOTIC: [8] Undefined index: auto D:\tools\upupw\htdocs\ll\simplewind\Core\Library\Think\Model.class.php 第 1128 行.
SQL: INSERT INTO `lailong_menu` (`parentid`,`name`,`app`,`model`,`action`,`data`,`icon`,`remark`,`status`,`type`) VALUES ('162','微信订单','Order','Order','weixinorderlist','','','','1','1') [ RunTime:0.0016s ]
SQL: SELECT * FROM `lailong_auth_rule` WHERE `name` = 'order/order/weixinorderlist' LIMIT 1   [ RunTime:0.0020s ]
SQL: INSERT INTO `lailong_auth_rule` (`name`,`module`,`type`,`title`) VALUES ('order/order/weixinorderlist','Order','admin_url','微信订单') [ RunTime:0.0009s ]

[ 2017-07-03T13:19:28+08:00 ] ::1 /ll/index.php?g=Admin&m=Menu&a=index
NOTIC: D方法实例化没找到模型类Common\Model\AuthRuleModel

[ 2017-07-03T15:50:44+08:00 ] ::1 /ll/index.php?g=Admin&m=public&a=dologin
INFO: [ app_begin ] --START--
INFO: Run Behavior\ReadHtmlCacheBehavior [ RunTime:0.037999s ]
INFO: Run Behavior\CheckLangBehavior [ RunTime:0.063322s ]
INFO: [ app_begin ] --END-- [ RunTime:0.107361s ]
SQL: SHOW COLUMNS FROM `lailong_users` [ RunTime:0.0213s ]
SQL: SELECT * FROM `lailong_users` WHERE `user_login` = 'admin' LIMIT 1   [ RunTime:0.0011s ]
SQL: SHOW COLUMNS FROM `lailong_role_user` [ RunTime:0.0276s ]
SQL: SELECT `role_id` FROM lailong_role_user a INNER JOIN lailong_role as b on a.role_id =b.id  WHERE `user_id` = '1' AND `status` = 1  [ RunTime:0.0013s ]
SQL: UPDATE `lailong_users` SET `user_login`='admin',`user_pass`='###1caf83a293a8e3399bafb3a70ffd913e',`user_nicename`='admin',`user_email`='admin@qq.com',`user_url`='',`avatar`=NULL,`sex`='0',`birthday`=NULL,`signature`=NULL,`last_login_ip`='0.0.0.0',`last_login_time`='2017-07-03 15:50:44',`create_time`='2017-06-12 04:50:03',`user_activation_key`='',`user_status`='1',`score`='0',`user_type`='1',`coin`='0',`mobile`='' WHERE `id` = '1' [ RunTime:0.0031s ]

