[ 2017-07-18T10:20:33+08:00 ] ::1 /ll/index.php?g=Admin&m=public&a=dologin
INFO: [ app_begin ] --START--
INFO: Run Behavior\ReadHtmlCacheBehavior [ RunTime:0.023932s ]
INFO: Run Behavior\CheckLangBehavior [ RunTime:0.061846s ]
INFO: [ app_begin ] --END-- [ RunTime:0.092423s ]
SQL: SHOW COLUMNS FROM `lailong_users` [ RunTime:0.0231s ]
SQL: SELECT * FROM `lailong_users` WHERE `user_login` = 'admin' LIMIT 1   [ RunTime:0.0010s ]
SQL: SHOW COLUMNS FROM `lailong_role_user` [ RunTime:0.0182s ]
SQL: SELECT `role_id` FROM lailong_role_user a INNER JOIN lailong_role as b on a.role_id =b.id  WHERE `user_id` = '1' AND `status` = 1  [ RunTime:0.0031s ]
SQL: UPDATE `lailong_users` SET `user_login`='admin',`user_pass`='###1caf83a293a8e3399bafb3a70ffd913e',`user_nicename`='admin',`user_email`='admin@qq.com',`user_url`='',`avatar`=NULL,`sex`='0',`birthday`=NULL,`signature`=NULL,`last_login_ip`='0.0.0.0',`last_login_time`='2017-07-18 10:20:33',`create_time`='2017-06-12 04:50:03',`user_activation_key`='',`user_status`='1',`score`='0',`user_type`='1',`coin`='0',`mobile`='' WHERE `id` = '1' [ RunTime:0.0010s ]

[ 2017-07-18T14:27:02+08:00 ] ::1 /ll/index.php?g=Admin&m=public&a=dologin
INFO: [ app_begin ] --START--
INFO: Run Behavior\ReadHtmlCacheBehavior [ RunTime:0.029137s ]
INFO: Run Behavior\CheckLangBehavior [ RunTime:0.075743s ]
INFO: [ app_begin ] --END-- [ RunTime:0.109405s ]
SQL: SHOW COLUMNS FROM `lailong_users` [ RunTime:0.0232s ]
SQL: SELECT * FROM `lailong_users` WHERE `user_login` = 'admin' LIMIT 1   [ RunTime:0.0010s ]
SQL: SHOW COLUMNS FROM `lailong_role_user` [ RunTime:0.0143s ]
SQL: SELECT `role_id` FROM lailong_role_user a INNER JOIN lailong_role as b on a.role_id =b.id  WHERE `user_id` = '1' AND `status` = 1  [ RunTime:0.0009s ]
SQL: UPDATE `lailong_users` SET `user_login`='admin',`user_pass`='###1caf83a293a8e3399bafb3a70ffd913e',`user_nicename`='admin',`user_email`='admin@qq.com',`user_url`='',`avatar`=NULL,`sex`='0',`birthday`=NULL,`signature`=NULL,`last_login_ip`='0.0.0.0',`last_login_time`='2017-07-18 14:27:02',`create_time`='2017-06-12 04:50:03',`user_activation_key`='',`user_status`='1',`score`='0',`user_type`='1',`coin`='0',`mobile`='' WHERE `id` = '1' [ RunTime:0.0011s ]

