[ 2017-07-07T09:12:19+08:00 ] ::1 /ll/index.php?g=Admin&m=public&a=dologin
INFO: [ app_begin ] --START--
INFO: Run Behavior\ReadHtmlCacheBehavior [ RunTime:0.032745s ]
INFO: Run Behavior\CheckLangBehavior [ RunTime:0.075224s ]
INFO: [ app_begin ] --END-- [ RunTime:0.113010s ]
SQL: SHOW COLUMNS FROM `lailong_users` [ RunTime:0.0177s ]
SQL: SELECT * FROM `lailong_users` WHERE `user_login` = 'admin' LIMIT 1   [ RunTime:0.0011s ]
SQL: SHOW COLUMNS FROM `lailong_role_user` [ RunTime:0.0125s ]
SQL: SELECT `role_id` FROM lailong_role_user a INNER JOIN lailong_role as b on a.role_id =b.id  WHERE `user_id` = '1' AND `status` = 1  [ RunTime:0.0030s ]
SQL: UPDATE `lailong_users` SET `user_login`='admin',`user_pass`='###1caf83a293a8e3399bafb3a70ffd913e',`user_nicename`='admin',`user_email`='admin@qq.com',`user_url`='',`avatar`=NULL,`sex`='0',`birthday`=NULL,`signature`=NULL,`last_login_ip`='0.0.0.0',`last_login_time`='2017-07-07 09:12:19',`create_time`='2017-06-12 04:50:03',`user_activation_key`='',`user_status`='1',`score`='0',`user_type`='1',`coin`='0',`mobile`='' WHERE `id` = '1' [ RunTime:0.0011s ]

[ 2017-07-07T14:18:35+08:00 ] ::1 /ll/index.php?g=Admin&m=public&a=dologin
INFO: [ app_begin ] --START--
INFO: Run Behavior\ReadHtmlCacheBehavior [ RunTime:0.025908s ]
INFO: Run Behavior\CheckLangBehavior [ RunTime:0.071350s ]
INFO: [ app_begin ] --END-- [ RunTime:0.101404s ]
SQL: SHOW COLUMNS FROM `lailong_users` [ RunTime:0.0222s ]
SQL: SELECT * FROM `lailong_users` WHERE `user_login` = 'admin' LIMIT 1   [ RunTime:0.0013s ]
SQL: SHOW COLUMNS FROM `lailong_role_user` [ RunTime:0.0146s ]
SQL: SELECT `role_id` FROM lailong_role_user a INNER JOIN lailong_role as b on a.role_id =b.id  WHERE `user_id` = '1' AND `status` = 1  [ RunTime:0.0009s ]
SQL: UPDATE `lailong_users` SET `user_login`='admin',`user_pass`='###1caf83a293a8e3399bafb3a70ffd913e',`user_nicename`='admin',`user_email`='admin@qq.com',`user_url`='',`avatar`=NULL,`sex`='0',`birthday`=NULL,`signature`=NULL,`last_login_ip`='0.0.0.0',`last_login_time`='2017-07-07 14:18:35',`create_time`='2017-06-12 04:50:03',`user_activation_key`='',`user_status`='1',`score`='0',`user_type`='1',`coin`='0',`mobile`='' WHERE `id` = '1' [ RunTime:0.0014s ]

[ 2017-07-07T15:09:00+08:00 ] ::1 /ll/index.php?g=Admin&m=public&a=dologin
INFO: [ app_begin ] --START--
INFO: Run Behavior\ReadHtmlCacheBehavior [ RunTime:0.028160s ]
INFO: Run Behavior\CheckLangBehavior [ RunTime:0.065580s ]
INFO: [ app_begin ] --END-- [ RunTime:0.099937s ]
SQL: SHOW COLUMNS FROM `lailong_users` [ RunTime:0.0271s ]
SQL: SELECT * FROM `lailong_users` WHERE `user_login` = 'admin' LIMIT 1   [ RunTime:0.0009s ]
SQL: SHOW COLUMNS FROM `lailong_role_user` [ RunTime:0.0227s ]
SQL: SELECT `role_id` FROM lailong_role_user a INNER JOIN lailong_role as b on a.role_id =b.id  WHERE `user_id` = '1' AND `status` = 1  [ RunTime:0.0007s ]
SQL: UPDATE `lailong_users` SET `user_login`='admin',`user_pass`='###1caf83a293a8e3399bafb3a70ffd913e',`user_nicename`='admin',`user_email`='admin@qq.com',`user_url`='',`avatar`=NULL,`sex`='0',`birthday`=NULL,`signature`=NULL,`last_login_ip`='0.0.0.0',`last_login_time`='2017-07-07 15:09:00',`create_time`='2017-06-12 04:50:03',`user_activation_key`='',`user_status`='1',`score`='0',`user_type`='1',`coin`='0',`mobile`='' WHERE `id` = '1' [ RunTime:0.0009s ]

